Looking for git in: git
Using git 2.25.1 from git
> git rev-parse --git-dir
Open repository: /home/ubuntu/ChrisServer/open62541
> git status -z -u
> git symbolic-ref --short HEAD
> git for-each-ref --format=%(refname)%00%(upstream:short)%00%(objectname)%00%(upstream:track) refs/heads/master refs/remotes/master
> git for-each-ref --sort -committerdate --format %(refname) %(objectname) %(*objectname)
> git remote --verbose
Warning: Failed to watch ref '/home/ubuntu/ChrisServer/open62541/.git/refs/remotes/origin/master', is most likely packed.
> git config --get commit.template
> git check-ignore -v -z --stdin
> git rev-parse --git-dir
Open repository: /home/ubuntu/ChrisServer/open62541/deps/mdnsd
> git status -z -u
> git symbolic-ref --short HEAD
fatal: ref HEAD is not a symbolic ref
> git rev-parse HEAD
> git for-each-ref --sort -committerdate --format %(refname) %(objectname) %(*objectname)
> git remote --verbose
> git config --get commit.template
> git rev-parse --git-dir
Open repository: /home/ubuntu/ChrisServer/open62541/deps/ua-nodeset
> git status -z -u
> git symbolic-ref --short HEAD
fatal: ref HEAD is not a symbolic ref
> git rev-parse HEAD
> git for-each-ref --sort -committerdate --format %(refname) %(objectname) %(*objectname)
> git remote --verbose
> git config --get commit.template
> git check-ignore -v -z --stdin
> git show --textconv :build/authenticationServer.c
> git ls-files --stage -- /home/ubuntu/ChrisServer/open62541/build/authenticationServer.c
> git check-ignore -v -z --stdin
> git show --textconv :build/myServer.c
> git ls-files --stage -- /home/ubuntu/ChrisServer/open62541/build/myServer.c
> git show --textconv :build/authenticationServer.c
> git ls-files --stage -- /home/ubuntu/ChrisServer/open62541/build/authenticationServer.c
> git show --textconv :build/myServer.c
> git ls-files --stage -- /home/ubuntu/ChrisServer/open62541/build/myServer.c
> git log --format=%H%n%aN%n%aE%n%at%n%ct%n%P%n%B -z -n21 -- /home/ubuntu/ChrisServer/open62541/build/ARCOServer
> git show --textconv :build/myServer.c
> git ls-files --stage -- /home/ubuntu/ChrisServer/open62541/build/myServer.c
> git show --textconv :build/compile_commands.json
> git ls-files --stage -- /home/ubuntu/ChrisServer/open62541/build/compile_commands.json
> git show --textconv :build/authenticationServer.c
> git ls-files --stage -- /home/ubuntu/ChrisServer/open62541/build/authenticationServer.c
