[2021-07-08 18:33:34.752] [exthost] [info] extension host started
[2021-07-08 18:33:34.985] [exthost] [info] ExtensionService#_doActivateExtension ms-vscode.cpptools {"startup":false,"extensionId":{"value":"ms-vscode.cpptools","_lower":"ms-vscode.cpptools"},"activationEvent":"onLanguage:c"}
[2021-07-08 18:33:34.986] [exthost] [info] ExtensionService#loadCommonJSModule file:///home/ubuntu/.vscode-server/extensions/ms-vscode.cpptools-1.4.1/dist/main
[2021-07-08 18:33:35.511] [exthost] [info] ExtensionService#_doActivateExtension vscode.debug-auto-launch {"startup":true,"extensionId":{"value":"vscode.debug-auto-launch","_lower":"vscode.debug-auto-launch"},"activationEvent":"*"}
[2021-07-08 18:33:35.511] [exthost] [info] ExtensionService#loadCommonJSModule file:///home/ubuntu/.vscode-server/bin/b4c1bd0a9b03c749ea011b06c6d2676c8091a70c/extensions/debug-auto-launch/dist/extension
[2021-07-08 18:33:35.533] [exthost] [info] ExtensionService#_doActivateExtension vscode.git {"startup":true,"extensionId":{"value":"vscode.github","_lower":"vscode.github"},"activationEvent":"*"}
[2021-07-08 18:33:35.533] [exthost] [info] ExtensionService#loadCommonJSModule file:///home/ubuntu/.vscode-server/bin/b4c1bd0a9b03c749ea011b06c6d2676c8091a70c/extensions/git/dist/main
[2021-07-08 18:33:36.091] [exthost] [info] ExtensionService#_doActivateExtension vscode.github {"startup":true,"extensionId":{"value":"vscode.github","_lower":"vscode.github"},"activationEvent":"*"}
[2021-07-08 18:33:36.091] [exthost] [info] ExtensionService#loadCommonJSModule file:///home/ubuntu/.vscode-server/bin/b4c1bd0a9b03c749ea011b06c6d2676c8091a70c/extensions/github/dist/extension.js
[2021-07-08 18:33:37.421] [exthost] [info] ExtensionService#_doActivateExtension vscode.emmet {"startup":false,"extensionId":{"value":"vscode.emmet","_lower":"vscode.emmet"},"activationEvent":"onStartupFinished"}
[2021-07-08 18:33:37.421] [exthost] [info] ExtensionService#loadCommonJSModule file:///home/ubuntu/.vscode-server/bin/b4c1bd0a9b03c749ea011b06c6d2676c8091a70c/extensions/emmet/dist/node/emmetNodeMain
[2021-07-08 18:33:37.465] [exthost] [info] ExtensionService#_doActivateExtension vscode.merge-conflict {"startup":false,"extensionId":{"value":"vscode.merge-conflict","_lower":"vscode.merge-conflict"},"activationEvent":"onStartupFinished"}
[2021-07-08 18:33:37.465] [exthost] [info] ExtensionService#loadCommonJSModule file:///home/ubuntu/.vscode-server/bin/b4c1bd0a9b03c749ea011b06c6d2676c8091a70c/extensions/merge-conflict/dist/mergeConflictMain
[2021-07-08 18:33:37.480] [exthost] [info] ExtensionService#_doActivateExtension vscode.testing-editor-contributions {"startup":false,"extensionId":{"value":"vscode.testing-editor-contributions","_lower":"vscode.testing-editor-contributions"},"activationEvent":"onStartupFinished"}
[2021-07-08 18:33:37.480] [exthost] [info] ExtensionService#loadCommonJSModule file:///home/ubuntu/.vscode-server/bin/b4c1bd0a9b03c749ea011b06c6d2676c8091a70c/extensions/testing-editor-contributions/dist/extension.js
[2021-07-08 18:33:37.483] [exthost] [info] eager extensions activated
[2021-07-08 18:33:37.551] [exthost] [error] {"message":"Git error","stdout":"","stderr":"fatal: Pathspec '/home/ubuntu/ChrisServer/.vscode/c_cpp_properties.json' is in submodule 'ChrisServer'\n","exitCode":128,"gitErrorCode":"IsInSubmodule"}
[2021-07-08 18:33:37.551] [exthost] [error] {"message":"Git error","stdout":"","stderr":"fatal: Pathspec '/home/ubuntu/ChrisServer/.vscode/c_cpp_properties.json' is in submodule 'ChrisServer'\n","exitCode":128,"gitErrorCode":"IsInSubmodule"}
[2021-07-08 18:33:37.551] [exthost] [error] {"message":"Git error","stdout":"","stderr":"fatal: Pathspec '/home/ubuntu/ChrisServer/.vscode/c_cpp_properties.json' is in submodule 'ChrisServer'\n","exitCode":128,"gitErrorCode":"IsInSubmodule"}
[2021-07-08 18:33:37.551] [exthost] [error] {"message":"Git error","stdout":"","stderr":"fatal: Pathspec '/home/ubuntu/ChrisServer/.vscode/c_cpp_properties.json' is in submodule 'ChrisServer'\n","exitCode":128,"gitErrorCode":"IsInSubmodule"}
[2021-07-08 18:33:37.551] [exthost] [error] {"message":"Git error","stdout":"","stderr":"fatal: Pathspec '/home/ubuntu/ChrisServer/.vscode/c_cpp_properties.json' is in submodule 'ChrisServer'\n","exitCode":128,"gitErrorCode":"IsInSubmodule"}
[2021-07-08 18:33:37.551] [exthost] [error] {"message":"Git error","stdout":"","stderr":"fatal: Pathspec '/home/ubuntu/ChrisServer/.vscode/c_cpp_properties.json' is in submodule 'ChrisServer'\n","exitCode":128,"gitErrorCode":"IsInSubmodule"}
[2021-07-08 18:33:37.551] [exthost] [error] {"message":"Git error","stdout":"","stderr":"fatal: Pathspec '/home/ubuntu/ChrisServer/.vscode/c_cpp_properties.json' is in submodule 'ChrisServer'\n","exitCode":128,"gitErrorCode":"IsInSubmodule"}
[2021-07-08 18:33:37.551] [exthost] [error] {"message":"Git error","stdout":"","stderr":"fatal: Pathspec '/home/ubuntu/ChrisServer/.vscode/c_cpp_properties.json' is in submodule 'ChrisServer'\n","exitCode":128,"gitErrorCode":"IsInSubmodule"}
[2021-07-08 18:33:37.551] [exthost] [error] {"message":"Git error","stdout":"","stderr":"fatal: Pathspec '/home/ubuntu/ChrisServer/.vscode/c_cpp_properties.json' is in submodule 'ChrisServer'\n","exitCode":128,"gitErrorCode":"IsInSubmodule"}
[2021-07-08 18:33:37.551] [exthost] [error] {"message":"Git error","stdout":"","stderr":"fatal: Pathspec '/home/ubuntu/ChrisServer/.vscode/c_cpp_properties.json' is in submodule 'ChrisServer'\n","exitCode":128,"gitErrorCode":"IsInSubmodule"}
[2021-07-08 18:33:37.551] [exthost] [error] {"message":"Git error","stdout":"","stderr":"fatal: Pathspec '/home/ubuntu/ChrisServer/.vscode/c_cpp_properties.json' is in submodule 'ChrisServer'\n","exitCode":128,"gitErrorCode":"IsInSubmodule"}
[2021-07-08 18:33:37.551] [exthost] [error] {"message":"Git error","stdout":"","stderr":"fatal: Pathspec '/home/ubuntu/ChrisServer/.vscode/c_cpp_properties.json' is in submodule 'ChrisServer'\n","exitCode":128,"gitErrorCode":"IsInSubmodule"}
[2021-07-08 18:33:37.551] [exthost] [error] {"message":"Git error","stdout":"","stderr":"fatal: Pathspec '/home/ubuntu/ChrisServer/.vscode/c_cpp_properties.json' is in submodule 'ChrisServer'\n","exitCode":128,"gitErrorCode":"IsInSubmodule"}
[2021-07-08 18:33:37.551] [exthost] [error] {"message":"Git error","stdout":"","stderr":"fatal: Pathspec '/home/ubuntu/ChrisServer/.vscode/c_cpp_properties.json' is in submodule 'ChrisServer'\n","exitCode":128,"gitErrorCode":"IsInSubmodule"}
[2021-07-08 18:33:37.551] [exthost] [error] {"message":"Git error","stdout":"","stderr":"fatal: Pathspec '/home/ubuntu/ChrisServer/.vscode/c_cpp_properties.json' is in submodule 'ChrisServer'\n","exitCode":128,"gitErrorCode":"IsInSubmodule"}
[2021-07-08 18:33:37.551] [exthost] [error] {"message":"Git error","stdout":"","stderr":"fatal: Pathspec '/home/ubuntu/ChrisServer/.vscode/c_cpp_properties.json' is in submodule 'ChrisServer'\n","exitCode":128,"gitErrorCode":"IsInSubmodule"}
[2021-07-08 18:33:37.551] [exthost] [error] {"message":"Git error","stdout":"","stderr":"fatal: Pathspec '/home/ubuntu/ChrisServer/.vscode/c_cpp_properties.json' is in submodule 'ChrisServer'\n","exitCode":128,"gitErrorCode":"IsInSubmodule"}
[2021-07-08 18:33:37.551] [exthost] [error] {"message":"Git error","stdout":"","stderr":"fatal: Pathspec '/home/ubuntu/ChrisServer/.vscode/c_cpp_properties.json' is in submodule 'ChrisServer'\n","exitCode":128,"gitErrorCode":"IsInSubmodule"}
[2021-07-08 18:33:37.551] [exthost] [error] {"message":"Git error","stdout":"","stderr":"fatal: Pathspec '/home/ubuntu/ChrisServer/.vscode/c_cpp_properties.json' is in submodule 'ChrisServer'\n","exitCode":128,"gitErrorCode":"IsInSubmodule"}
[2021-07-08 18:33:37.551] [exthost] [error] {"message":"Git error","stdout":"","stderr":"fatal: Pathspec '/home/ubuntu/ChrisServer/.vscode/c_cpp_properties.json' is in submodule 'ChrisServer'\n","exitCode":128,"gitErrorCode":"IsInSubmodule"}
[2021-07-08 18:33:37.551] [exthost] [error] {"message":"Git error","stdout":"","stderr":"fatal: Pathspec '/home/ubuntu/ChrisServer/.vscode/c_cpp_properties.json' is in submodule 'ChrisServer'\n","exitCode":128,"gitErrorCode":"IsInSubmodule"}
[2021-07-08 18:33:37.551] [exthost] [error] {"message":"Git error","stdout":"","stderr":"fatal: Pathspec '/home/ubuntu/ChrisServer/.vscode/c_cpp_properties.json' is in submodule 'ChrisServer'\n","exitCode":128,"gitErrorCode":"IsInSubmodule"}
[2021-07-08 18:33:37.551] [exthost] [error] {"message":"Git error","stdout":"","stderr":"fatal: Pathspec '/home/ubuntu/ChrisServer/.vscode/c_cpp_properties.json' is in submodule 'ChrisServer'\n","exitCode":128,"gitErrorCode":"IsInSubmodule"}
[2021-07-08 18:33:37.551] [exthost] [error] {"message":"Git error","stdout":"","stderr":"fatal: Pathspec '/home/ubuntu/ChrisServer/.vscode/c_cpp_properties.json' is in submodule 'ChrisServer'\n","exitCode":128,"gitErrorCode":"IsInSubmodule"}
[2021-07-08 18:33:37.551] [exthost] [error] {"message":"Git error","stdout":"","stderr":"fatal: Pathspec '/home/ubuntu/ChrisServer/.vscode/c_cpp_properties.json' is in submodule 'ChrisServer'\n","exitCode":128,"gitErrorCode":"IsInSubmodule"}
[2021-07-08 18:33:37.551] [exthost] [error] {"message":"Git error","stdout":"","stderr":"fatal: Pathspec '/home/ubuntu/ChrisServer/.vscode/c_cpp_properties.json' is in submodule 'ChrisServer'\n","exitCode":128,"gitErrorCode":"IsInSubmodule"}
[2021-07-08 18:33:37.551] [exthost] [error] {"message":"Git error","stdout":"","stderr":"fatal: Pathspec '/home/ubuntu/ChrisServer/.vscode/c_cpp_properties.json' is in submodule 'ChrisServer'\n","exitCode":128,"gitErrorCode":"IsInSubmodule"}
[2021-07-08 18:33:37.551] [exthost] [error] {"message":"Git error","stdout":"","stderr":"fatal: Pathspec '/home/ubuntu/ChrisServer/.vscode/c_cpp_properties.json' is in submodule 'ChrisServer'\n","exitCode":128,"gitErrorCode":"IsInSubmodule"}
[2021-07-08 18:33:37.551] [exthost] [error] {"message":"Git error","stdout":"","stderr":"fatal: Pathspec '/home/ubuntu/ChrisServer/.vscode/c_cpp_properties.json' is in submodule 'ChrisServer'\n","exitCode":128,"gitErrorCode":"IsInSubmodule"}
[2021-07-08 18:33:37.551] [exthost] [error] {"message":"Git error","stdout":"","stderr":"fatal: Pathspec '/home/ubuntu/ChrisServer/.vscode/c_cpp_properties.json' is in submodule 'ChrisServer'\n","exitCode":128,"gitErrorCode":"IsInSubmodule"}
[2021-07-08 18:33:37.654] [exthost] [info] ExtensionService#_doActivateExtension ms-vscode.js-debug {"startup":false,"extensionId":{"value":"ms-vscode.js-debug","_lower":"ms-vscode.js-debug"},"activationEvent":"onCommand:extension.js-debug.clearAutoAttachVariables"}
[2021-07-08 18:33:37.654] [exthost] [info] ExtensionService#loadCommonJSModule file:///home/ubuntu/.vscode-server/bin/b4c1bd0a9b03c749ea011b06c6d2676c8091a70c/extensions/ms-vscode.js-debug/src/extension.js
[2021-07-08 18:33:38.648] [exthost] [error] {"message":"Git error","stdout":"","stderr":"fatal: Pathspec '/home/ubuntu/ChrisServer/.vscode/c_cpp_properties.json' is in submodule 'ChrisServer'\n","exitCode":128,"gitErrorCode":"IsInSubmodule"}
[2021-07-08 18:33:38.648] [exthost] [error] {"message":"Git error","stdout":"","stderr":"fatal: Pathspec '/home/ubuntu/ChrisServer/.vscode/c_cpp_properties.json' is in submodule 'ChrisServer'\n","exitCode":128,"gitErrorCode":"IsInSubmodule"}
[2021-07-08 18:33:38.648] [exthost] [error] {"message":"Git error","stdout":"","stderr":"fatal: Pathspec '/home/ubuntu/ChrisServer/.vscode/c_cpp_properties.json' is in submodule 'ChrisServer'\n","exitCode":128,"gitErrorCode":"IsInSubmodule"}
[2021-07-08 18:33:38.648] [exthost] [error] {"message":"Git error","stdout":"","stderr":"fatal: Pathspec '/home/ubuntu/ChrisServer/.vscode/c_cpp_properties.json' is in submodule 'ChrisServer'\n","exitCode":128,"gitErrorCode":"IsInSubmodule"}
[2021-07-08 18:33:38.648] [exthost] [error] {"message":"Git error","stdout":"","stderr":"fatal: Pathspec '/home/ubuntu/ChrisServer/.vscode/c_cpp_properties.json' is in submodule 'ChrisServer'\n","exitCode":128,"gitErrorCode":"IsInSubmodule"}
[2021-07-08 18:33:38.648] [exthost] [error] {"message":"Git error","stdout":"","stderr":"fatal: Pathspec '/home/ubuntu/ChrisServer/.vscode/c_cpp_properties.json' is in submodule 'ChrisServer'\n","exitCode":128,"gitErrorCode":"IsInSubmodule"}
[2021-07-08 18:33:38.648] [exthost] [error] {"message":"Git error","stdout":"","stderr":"fatal: Pathspec '/home/ubuntu/ChrisServer/.vscode/c_cpp_properties.json' is in submodule 'ChrisServer'\n","exitCode":128,"gitErrorCode":"IsInSubmodule"}
[2021-07-08 18:33:38.648] [exthost] [error] {"message":"Git error","stdout":"","stderr":"fatal: Pathspec '/home/ubuntu/ChrisServer/.vscode/c_cpp_properties.json' is in submodule 'ChrisServer'\n","exitCode":128,"gitErrorCode":"IsInSubmodule"}
[2021-07-08 18:33:38.648] [exthost] [error] {"message":"Git error","stdout":"","stderr":"fatal: Pathspec '/home/ubuntu/ChrisServer/.vscode/c_cpp_properties.json' is in submodule 'ChrisServer'\n","exitCode":128,"gitErrorCode":"IsInSubmodule"}
[2021-07-08 18:33:38.648] [exthost] [error] {"message":"Git error","stdout":"","stderr":"fatal: Pathspec '/home/ubuntu/ChrisServer/.vscode/c_cpp_properties.json' is in submodule 'ChrisServer'\n","exitCode":128,"gitErrorCode":"IsInSubmodule"}
[2021-07-08 18:33:38.648] [exthost] [error] {"message":"Git error","stdout":"","stderr":"fatal: Pathspec '/home/ubuntu/ChrisServer/.vscode/c_cpp_properties.json' is in submodule 'ChrisServer'\n","exitCode":128,"gitErrorCode":"IsInSubmodule"}
[2021-07-08 18:33:38.648] [exthost] [error] {"message":"Git error","stdout":"","stderr":"fatal: Pathspec '/home/ubuntu/ChrisServer/.vscode/c_cpp_properties.json' is in submodule 'ChrisServer'\n","exitCode":128,"gitErrorCode":"IsInSubmodule"}
[2021-07-08 18:33:38.648] [exthost] [error] {"message":"Git error","stdout":"","stderr":"fatal: Pathspec '/home/ubuntu/ChrisServer/.vscode/c_cpp_properties.json' is in submodule 'ChrisServer'\n","exitCode":128,"gitErrorCode":"IsInSubmodule"}
[2021-07-08 18:33:38.648] [exthost] [error] {"message":"Git error","stdout":"","stderr":"fatal: Pathspec '/home/ubuntu/ChrisServer/.vscode/c_cpp_properties.json' is in submodule 'ChrisServer'\n","exitCode":128,"gitErrorCode":"IsInSubmodule"}
[2021-07-08 18:33:38.648] [exthost] [error] {"message":"Git error","stdout":"","stderr":"fatal: Pathspec '/home/ubuntu/ChrisServer/.vscode/c_cpp_properties.json' is in submodule 'ChrisServer'\n","exitCode":128,"gitErrorCode":"IsInSubmodule"}
[2021-07-08 18:33:38.648] [exthost] [error] {"message":"Git error","stdout":"","stderr":"fatal: Pathspec '/home/ubuntu/ChrisServer/.vscode/c_cpp_properties.json' is in submodule 'ChrisServer'\n","exitCode":128,"gitErrorCode":"IsInSubmodule"}
[2021-07-08 18:33:38.648] [exthost] [error] {"message":"Git error","stdout":"","stderr":"fatal: Pathspec '/home/ubuntu/ChrisServer/.vscode/c_cpp_properties.json' is in submodule 'ChrisServer'\n","exitCode":128,"gitErrorCode":"IsInSubmodule"}
[2021-07-08 18:33:38.648] [exthost] [error] {"message":"Git error","stdout":"","stderr":"fatal: Pathspec '/home/ubuntu/ChrisServer/.vscode/c_cpp_properties.json' is in submodule 'ChrisServer'\n","exitCode":128,"gitErrorCode":"IsInSubmodule"}
[2021-07-08 18:33:38.653] [exthost] [error] {"message":"Git error","stdout":"","stderr":"fatal: Pathspec '/home/ubuntu/ChrisServer/.vscode/c_cpp_properties.json' is in submodule 'ChrisServer'\n","exitCode":128,"gitErrorCode":"IsInSubmodule"}
[2021-07-08 18:33:38.653] [exthost] [error] {"message":"Git error","stdout":"","stderr":"fatal: Pathspec '/home/ubuntu/ChrisServer/.vscode/c_cpp_properties.json' is in submodule 'ChrisServer'\n","exitCode":128,"gitErrorCode":"IsInSubmodule"}
[2021-07-08 18:33:38.653] [exthost] [error] {"message":"Git error","stdout":"","stderr":"fatal: Pathspec '/home/ubuntu/ChrisServer/.vscode/c_cpp_properties.json' is in submodule 'ChrisServer'\n","exitCode":128,"gitErrorCode":"IsInSubmodule"}
[2021-07-08 18:33:38.653] [exthost] [error] {"message":"Git error","stdout":"","stderr":"fatal: Pathspec '/home/ubuntu/ChrisServer/.vscode/c_cpp_properties.json' is in submodule 'ChrisServer'\n","exitCode":128,"gitErrorCode":"IsInSubmodule"}
[2021-07-08 18:33:38.653] [exthost] [error] {"message":"Git error","stdout":"","stderr":"fatal: Pathspec '/home/ubuntu/ChrisServer/.vscode/c_cpp_properties.json' is in submodule 'ChrisServer'\n","exitCode":128,"gitErrorCode":"IsInSubmodule"}
[2021-07-08 18:33:38.653] [exthost] [error] {"message":"Git error","stdout":"","stderr":"fatal: Pathspec '/home/ubuntu/ChrisServer/.vscode/c_cpp_properties.json' is in submodule 'ChrisServer'\n","exitCode":128,"gitErrorCode":"IsInSubmodule"}
[2021-07-08 18:33:38.653] [exthost] [error] {"message":"Git error","stdout":"","stderr":"fatal: Pathspec '/home/ubuntu/ChrisServer/.vscode/c_cpp_properties.json' is in submodule 'ChrisServer'\n","exitCode":128,"gitErrorCode":"IsInSubmodule"}
[2021-07-08 18:33:38.653] [exthost] [error] {"message":"Git error","stdout":"","stderr":"fatal: Pathspec '/home/ubuntu/ChrisServer/.vscode/c_cpp_properties.json' is in submodule 'ChrisServer'\n","exitCode":128,"gitErrorCode":"IsInSubmodule"}
[2021-07-08 18:33:38.653] [exthost] [error] {"message":"Git error","stdout":"","stderr":"fatal: Pathspec '/home/ubuntu/ChrisServer/.vscode/c_cpp_properties.json' is in submodule 'ChrisServer'\n","exitCode":128,"gitErrorCode":"IsInSubmodule"}
[2021-07-08 18:33:38.653] [exthost] [error] {"message":"Git error","stdout":"","stderr":"fatal: Pathspec '/home/ubuntu/ChrisServer/.vscode/c_cpp_properties.json' is in submodule 'ChrisServer'\n","exitCode":128,"gitErrorCode":"IsInSubmodule"}
[2021-07-08 18:33:38.653] [exthost] [error] {"message":"Git error","stdout":"","stderr":"fatal: Pathspec '/home/ubuntu/ChrisServer/.vscode/c_cpp_properties.json' is in submodule 'ChrisServer'\n","exitCode":128,"gitErrorCode":"IsInSubmodule"}
[2021-07-08 18:33:38.653] [exthost] [error] {"message":"Git error","stdout":"","stderr":"fatal: Pathspec '/home/ubuntu/ChrisServer/.vscode/c_cpp_properties.json' is in submodule 'ChrisServer'\n","exitCode":128,"gitErrorCode":"IsInSubmodule"}
[2021-07-08 18:33:38.687] [exthost] [info] ExtensionService#_doActivateExtension vscode.configuration-editing {"startup":false,"extensionId":{"value":"vscode.configuration-editing","_lower":"vscode.configuration-editing"},"activationEvent":"onLanguage:json"}
[2021-07-08 18:33:38.687] [exthost] [info] ExtensionService#loadCommonJSModule file:///home/ubuntu/.vscode-server/bin/b4c1bd0a9b03c749ea011b06c6d2676c8091a70c/extensions/configuration-editing/dist/configurationEditingMain
[2021-07-08 18:33:38.702] [exthost] [info] ExtensionService#_doActivateExtension vscode.extension-editing {"startup":false,"extensionId":{"value":"vscode.extension-editing","_lower":"vscode.extension-editing"},"activationEvent":"onLanguage:json"}
[2021-07-08 18:33:38.702] [exthost] [info] ExtensionService#loadCommonJSModule file:///home/ubuntu/.vscode-server/bin/b4c1bd0a9b03c749ea011b06c6d2676c8091a70c/extensions/extension-editing/dist/extensionEditingMain
[2021-07-08 18:33:38.742] [exthost] [info] ExtensionService#_doActivateExtension vscode.json-language-features {"startup":false,"extensionId":{"value":"vscode.json-language-features","_lower":"vscode.json-language-features"},"activationEvent":"onLanguage:json"}
[2021-07-08 18:33:38.743] [exthost] [info] ExtensionService#loadCommonJSModule file:///home/ubuntu/.vscode-server/bin/b4c1bd0a9b03c749ea011b06c6d2676c8091a70c/extensions/json-language-features/client/dist/node/jsonClientMain
[2021-07-08 18:33:38.960] [exthost] [info] ExtensionService#_doActivateExtension vscode.npm {"startup":false,"extensionId":{"value":"vscode.npm","_lower":"vscode.npm"},"activationEvent":"onLanguage:json"}
[2021-07-08 18:33:38.966] [exthost] [info] ExtensionService#loadCommonJSModule file:///home/ubuntu/.vscode-server/bin/b4c1bd0a9b03c749ea011b06c6d2676c8091a70c/extensions/npm/dist/npmMain
[2021-07-08 18:33:39.773] [exthost] [info] ExtensionService#_doActivateExtension vscode.typescript-language-features {"startup":false,"extensionId":{"value":"vscode.typescript-language-features","_lower":"vscode.typescript-language-features"},"activationEvent":"onLanguage:jsonc"}
[2021-07-08 18:33:39.773] [exthost] [info] ExtensionService#loadCommonJSModule file:///home/ubuntu/.vscode-server/bin/b4c1bd0a9b03c749ea011b06c6d2676c8091a70c/extensions/typescript-language-features/dist/extension
[2021-07-08 18:33:59.554] [exthost] [error] {"message":"Git error","stdout":"","stderr":"fatal: Pathspec '/home/ubuntu/ChrisServer/open62541/build/CMakeCache.txt' is in submodule 'ChrisServer'\n","exitCode":128,"gitErrorCode":"IsInSubmodule"}
[2021-07-08 18:33:59.565] [exthost] [error] {"message":"Git error","stdout":"","stderr":"fatal: Pathspec '/home/ubuntu/ChrisServer/open62541/build/CMakeCache.txt' is in submodule 'ChrisServer'\n","exitCode":128,"gitErrorCode":"IsInSubmodule"}
[2021-07-08 18:34:01.843] [exthost] [error] {"message":"Git error","stdout":"","stderr":"fatal: Pathspec '/home/ubuntu/ChrisServer/open62541/build/CPackConfig.cmake' is in submodule 'ChrisServer'\n","exitCode":128,"gitErrorCode":"IsInSubmodule"}
[2021-07-08 18:34:01.843] [exthost] [error] {"message":"Git error","stdout":"","stderr":"fatal: Pathspec '/home/ubuntu/ChrisServer/open62541/build/CPackConfig.cmake' is in submodule 'ChrisServer'\n","exitCode":128,"gitErrorCode":"IsInSubmodule"}
[2021-07-08 18:34:01.843] [exthost] [error] {"message":"Git error","stdout":"","stderr":"fatal: Pathspec '/home/ubuntu/ChrisServer/open62541/build/CPackConfig.cmake' is in submodule 'ChrisServer'\n","exitCode":128,"gitErrorCode":"IsInSubmodule"}
[2021-07-08 18:34:01.843] [exthost] [error] {"message":"Git error","stdout":"","stderr":"fatal: Pathspec '/home/ubuntu/ChrisServer/open62541/build/CPackConfig.cmake' is in submodule 'ChrisServer'\n","exitCode":128,"gitErrorCode":"IsInSubmodule"}
[2021-07-08 18:34:01.843] [exthost] [error] {"message":"Git error","stdout":"","stderr":"fatal: Pathspec '/home/ubuntu/ChrisServer/open62541/build/CPackConfig.cmake' is in submodule 'ChrisServer'\n","exitCode":128,"gitErrorCode":"IsInSubmodule"}
[2021-07-08 18:34:01.843] [exthost] [error] {"message":"Git error","stdout":"","stderr":"fatal: Pathspec '/home/ubuntu/ChrisServer/open62541/build/CPackConfig.cmake' is in submodule 'ChrisServer'\n","exitCode":128,"gitErrorCode":"IsInSubmodule"}
[2021-07-08 18:34:01.843] [exthost] [error] {"message":"Git error","stdout":"","stderr":"fatal: Pathspec '/home/ubuntu/ChrisServer/open62541/build/CPackConfig.cmake' is in submodule 'ChrisServer'\n","exitCode":128,"gitErrorCode":"IsInSubmodule"}
[2021-07-08 18:34:04.303] [exthost] [error] {"message":"Git error","stdout":"","stderr":"fatal: Pathspec '/home/ubuntu/ChrisServer/README.txt' is in submodule 'ChrisServer'\n","exitCode":128,"gitErrorCode":"IsInSubmodule"}
[2021-07-08 18:34:06.607] [exthost] [error] {"message":"Git error","stdout":"","stderr":"fatal: Pathspec '/home/ubuntu/ChrisServer/open62541/build/open62541ConfigVersion.cmake' is in submodule 'ChrisServer'\n","exitCode":128,"gitErrorCode":"IsInSubmodule"}
[2021-07-08 18:34:06.607] [exthost] [error] {"message":"Git error","stdout":"","stderr":"fatal: Pathspec '/home/ubuntu/ChrisServer/open62541/build/open62541ConfigVersion.cmake' is in submodule 'ChrisServer'\n","exitCode":128,"gitErrorCode":"IsInSubmodule"}
[2021-07-08 18:34:06.607] [exthost] [error] {"message":"Git error","stdout":"","stderr":"fatal: Pathspec '/home/ubuntu/ChrisServer/open62541/build/open62541ConfigVersion.cmake' is in submodule 'ChrisServer'\n","exitCode":128,"gitErrorCode":"IsInSubmodule"}
[2021-07-08 18:34:06.607] [exthost] [error] {"message":"Git error","stdout":"","stderr":"fatal: Pathspec '/home/ubuntu/ChrisServer/open62541/build/open62541ConfigVersion.cmake' is in submodule 'ChrisServer'\n","exitCode":128,"gitErrorCode":"IsInSubmodule"}
[2021-07-08 18:34:06.607] [exthost] [error] {"message":"Git error","stdout":"","stderr":"fatal: Pathspec '/home/ubuntu/ChrisServer/open62541/build/open62541ConfigVersion.cmake' is in submodule 'ChrisServer'\n","exitCode":128,"gitErrorCode":"IsInSubmodule"}
[2021-07-08 18:34:06.607] [exthost] [error] {"message":"Git error","stdout":"","stderr":"fatal: Pathspec '/home/ubuntu/ChrisServer/open62541/build/open62541ConfigVersion.cmake' is in submodule 'ChrisServer'\n","exitCode":128,"gitErrorCode":"IsInSubmodule"}
[2021-07-08 18:34:06.607] [exthost] [error] {"message":"Git error","stdout":"","stderr":"fatal: Pathspec '/home/ubuntu/ChrisServer/open62541/build/open62541ConfigVersion.cmake' is in submodule 'ChrisServer'\n","exitCode":128,"gitErrorCode":"IsInSubmodule"}
[2021-07-08 18:34:06.607] [exthost] [error] {"message":"Git error","stdout":"","stderr":"fatal: Pathspec '/home/ubuntu/ChrisServer/open62541/build/open62541ConfigVersion.cmake' is in submodule 'ChrisServer'\n","exitCode":128,"gitErrorCode":"IsInSubmodule"}
[2021-07-08 18:34:06.607] [exthost] [error] {"message":"Git error","stdout":"","stderr":"fatal: Pathspec '/home/ubuntu/ChrisServer/open62541/build/open62541ConfigVersion.cmake' is in submodule 'ChrisServer'\n","exitCode":128,"gitErrorCode":"IsInSubmodule"}
[2021-07-08 18:34:09.651] [exthost] [error] {"message":"Git error","stdout":"","stderr":"fatal: Pathspec '/home/ubuntu/ChrisServer/open62541/plugins' is in submodule 'ChrisServer'\n","exitCode":128,"gitErrorCode":"IsInSubmodule"}
[2021-07-08 18:34:09.651] [exthost] [error] {"message":"Git error","stdout":"","stderr":"fatal: Pathspec '/home/ubuntu/ChrisServer/open62541/plugins' is in submodule 'ChrisServer'\n","exitCode":128,"gitErrorCode":"IsInSubmodule"}
[2021-07-08 18:34:09.651] [exthost] [error] {"message":"Git error","stdout":"","stderr":"fatal: Pathspec '/home/ubuntu/ChrisServer/open62541/plugins' is in submodule 'ChrisServer'\n","exitCode":128,"gitErrorCode":"IsInSubmodule"}
[2021-07-08 18:34:09.651] [exthost] [error] {"message":"Git error","stdout":"","stderr":"fatal: Pathspec '/home/ubuntu/ChrisServer/open62541/plugins' is in submodule 'ChrisServer'\n","exitCode":128,"gitErrorCode":"IsInSubmodule"}
[2021-07-08 18:34:09.651] [exthost] [error] {"message":"Git error","stdout":"","stderr":"fatal: Pathspec '/home/ubuntu/ChrisServer/open62541/plugins' is in submodule 'ChrisServer'\n","exitCode":128,"gitErrorCode":"IsInSubmodule"}
[2021-07-08 18:34:09.651] [exthost] [error] {"message":"Git error","stdout":"","stderr":"fatal: Pathspec '/home/ubuntu/ChrisServer/open62541/plugins' is in submodule 'ChrisServer'\n","exitCode":128,"gitErrorCode":"IsInSubmodule"}
[2021-07-08 18:34:09.651] [exthost] [error] {"message":"Git error","stdout":"","stderr":"fatal: Pathspec '/home/ubuntu/ChrisServer/open62541/plugins' is in submodule 'ChrisServer'\n","exitCode":128,"gitErrorCode":"IsInSubmodule"}
[2021-07-08 18:34:09.651] [exthost] [error] {"message":"Git error","stdout":"","stderr":"fatal: Pathspec '/home/ubuntu/ChrisServer/open62541/plugins' is in submodule 'ChrisServer'\n","exitCode":128,"gitErrorCode":"IsInSubmodule"}
[2021-07-08 18:34:09.651] [exthost] [error] {"message":"Git error","stdout":"","stderr":"fatal: Pathspec '/home/ubuntu/ChrisServer/open62541/plugins' is in submodule 'ChrisServer'\n","exitCode":128,"gitErrorCode":"IsInSubmodule"}
[2021-07-08 18:34:09.651] [exthost] [error] {"message":"Git error","stdout":"","stderr":"fatal: Pathspec '/home/ubuntu/ChrisServer/open62541/plugins' is in submodule 'ChrisServer'\n","exitCode":128,"gitErrorCode":"IsInSubmodule"}
[2021-07-08 18:34:09.651] [exthost] [error] {"message":"Git error","stdout":"","stderr":"fatal: Pathspec '/home/ubuntu/ChrisServer/open62541/plugins' is in submodule 'ChrisServer'\n","exitCode":128,"gitErrorCode":"IsInSubmodule"}
[2021-07-08 18:34:09.651] [exthost] [error] {"message":"Git error","stdout":"","stderr":"fatal: Pathspec '/home/ubuntu/ChrisServer/open62541/plugins' is in submodule 'ChrisServer'\n","exitCode":128,"gitErrorCode":"IsInSubmodule"}
[2021-07-08 18:34:09.651] [exthost] [error] {"message":"Git error","stdout":"","stderr":"fatal: Pathspec '/home/ubuntu/ChrisServer/open62541/plugins' is in submodule 'ChrisServer'\n","exitCode":128,"gitErrorCode":"IsInSubmodule"}
[2021-07-08 18:34:09.651] [exthost] [error] {"message":"Git error","stdout":"","stderr":"fatal: Pathspec '/home/ubuntu/ChrisServer/open62541/plugins' is in submodule 'ChrisServer'\n","exitCode":128,"gitErrorCode":"IsInSubmodule"}
[2021-07-08 18:34:10.655] [exthost] [error] {"message":"Git error","stdout":"","stderr":"fatal: Pathspec '/home/ubuntu/ChrisServer/open62541/AUTHORS' is in submodule 'ChrisServer'\n","exitCode":128,"gitErrorCode":"IsInSubmodule"}
[2021-07-08 18:34:10.655] [exthost] [error] {"message":"Git error","stdout":"","stderr":"fatal: Pathspec '/home/ubuntu/ChrisServer/open62541/AUTHORS' is in submodule 'ChrisServer'\n","exitCode":128,"gitErrorCode":"IsInSubmodule"}
[2021-07-08 18:34:10.655] [exthost] [error] {"message":"Git error","stdout":"","stderr":"fatal: Pathspec '/home/ubuntu/ChrisServer/open62541/AUTHORS' is in submodule 'ChrisServer'\n","exitCode":128,"gitErrorCode":"IsInSubmodule"}
[2021-07-08 18:34:10.655] [exthost] [error] {"message":"Git error","stdout":"","stderr":"fatal: Pathspec '/home/ubuntu/ChrisServer/open62541/AUTHORS' is in submodule 'ChrisServer'\n","exitCode":128,"gitErrorCode":"IsInSubmodule"}
[2021-07-08 18:34:10.655] [exthost] [error] {"message":"Git error","stdout":"","stderr":"fatal: Pathspec '/home/ubuntu/ChrisServer/open62541/AUTHORS' is in submodule 'ChrisServer'\n","exitCode":128,"gitErrorCode":"IsInSubmodule"}
[2021-07-08 18:34:10.655] [exthost] [error] {"message":"Git error","stdout":"","stderr":"fatal: Pathspec '/home/ubuntu/ChrisServer/open62541/AUTHORS' is in submodule 'ChrisServer'\n","exitCode":128,"gitErrorCode":"IsInSubmodule"}
[2021-07-08 18:34:10.655] [exthost] [error] {"message":"Git error","stdout":"","stderr":"fatal: Pathspec '/home/ubuntu/ChrisServer/open62541/AUTHORS' is in submodule 'ChrisServer'\n","exitCode":128,"gitErrorCode":"IsInSubmodule"}
[2021-07-08 18:34:10.655] [exthost] [error] {"message":"Git error","stdout":"","stderr":"fatal: Pathspec '/home/ubuntu/ChrisServer/open62541/AUTHORS' is in submodule 'ChrisServer'\n","exitCode":128,"gitErrorCode":"IsInSubmodule"}
[2021-07-08 18:34:10.655] [exthost] [error] {"message":"Git error","stdout":"","stderr":"fatal: Pathspec '/home/ubuntu/ChrisServer/open62541/AUTHORS' is in submodule 'ChrisServer'\n","exitCode":128,"gitErrorCode":"IsInSubmodule"}
[2021-07-08 18:34:35.915] [exthost] [error] {"message":"Git error","stdout":"","stderr":"fatal: Pathspec '/home/ubuntu/ChrisServer/open62541/ISSUE_TEMPLATE.md' is in submodule 'ChrisServer'\n","exitCode":128,"gitErrorCode":"IsInSubmodule"}
[2021-07-08 18:34:35.915] [exthost] [error] {"message":"Git error","stdout":"","stderr":"fatal: Pathspec '/home/ubuntu/ChrisServer/open62541/ISSUE_TEMPLATE.md' is in submodule 'ChrisServer'\n","exitCode":128,"gitErrorCode":"IsInSubmodule"}
[2021-07-08 18:34:35.915] [exthost] [error] {"message":"Git error","stdout":"","stderr":"fatal: Pathspec '/home/ubuntu/ChrisServer/open62541/ISSUE_TEMPLATE.md' is in submodule 'ChrisServer'\n","exitCode":128,"gitErrorCode":"IsInSubmodule"}
[2021-07-08 18:34:35.915] [exthost] [error] {"message":"Git error","stdout":"","stderr":"fatal: Pathspec '/home/ubuntu/ChrisServer/open62541/ISSUE_TEMPLATE.md' is in submodule 'ChrisServer'\n","exitCode":128,"gitErrorCode":"IsInSubmodule"}
[2021-07-08 18:34:35.915] [exthost] [error] {"message":"Git error","stdout":"","stderr":"fatal: Pathspec '/home/ubuntu/ChrisServer/open62541/ISSUE_TEMPLATE.md' is in submodule 'ChrisServer'\n","exitCode":128,"gitErrorCode":"IsInSubmodule"}
[2021-07-08 18:34:35.915] [exthost] [error] {"message":"Git error","stdout":"","stderr":"fatal: Pathspec '/home/ubuntu/ChrisServer/open62541/ISSUE_TEMPLATE.md' is in submodule 'ChrisServer'\n","exitCode":128,"gitErrorCode":"IsInSubmodule"}
[2021-07-08 18:34:35.915] [exthost] [error] {"message":"Git error","stdout":"","stderr":"fatal: Pathspec '/home/ubuntu/ChrisServer/open62541/ISSUE_TEMPLATE.md' is in submodule 'ChrisServer'\n","exitCode":128,"gitErrorCode":"IsInSubmodule"}
[2021-07-08 18:34:35.915] [exthost] [error] {"message":"Git error","stdout":"","stderr":"fatal: Pathspec '/home/ubuntu/ChrisServer/open62541/ISSUE_TEMPLATE.md' is in submodule 'ChrisServer'\n","exitCode":128,"gitErrorCode":"IsInSubmodule"}
