Looking for git in: git
Using git 2.25.1 from git
> git rev-parse --git-dir
Open repository: /home/ubuntu/ChrisServer/open62541
> git status -z -u
> git symbolic-ref --short HEAD
> git for-each-ref --format=%(refname)%00%(upstream:short)%00%(objectname)%00%(upstream:track) refs/heads/master refs/remotes/master
> git for-each-ref --sort -committerdate --format %(refname) %(objectname) %(*objectname)
> git remote --verbose
Warning: Failed to watch ref '/home/ubuntu/ChrisServer/open62541/.git/refs/remotes/origin/master', is most likely packed.
> git config --get commit.template
> git check-ignore -v -z --stdin
> git rev-parse --git-dir
Open repository: /home/ubuntu/ChrisServer/open62541/deps/mdnsd
> git status -z -u
> git symbolic-ref --short HEAD
fatal: ref HEAD is not a symbolic ref
> git rev-parse HEAD
> git for-each-ref --sort -committerdate --format %(refname) %(objectname) %(*objectname)
> git remote --verbose
> git config --get commit.template
> git rev-parse --git-dir
Open repository: /home/ubuntu/ChrisServer/open62541/deps/ua-nodeset
> git status -z -u
> git symbolic-ref --short HEAD
fatal: ref HEAD is not a symbolic ref
> git rev-parse HEAD
> git for-each-ref --sort -committerdate --format %(refname) %(objectname) %(*objectname)
> git remote --verbose
> git config --get commit.template
> git show --textconv :build/authenticationServer.c
> git show --textconv :examples/access_control/server_access_control.c
> git ls-files --stage -- /home/ubuntu/ChrisServer/open62541/build/authenticationServer.c
> git ls-files --stage -- /home/ubuntu/ChrisServer/open62541/examples/access_control/server_access_control.c
> git cat-file -s 7e039f22d380d9e05b98930411a88393d6b5a144
> git check-ignore -v -z --stdin
> git status -z -u
> git symbolic-ref --short HEAD
> git for-each-ref --format=%(refname)%00%(upstream:short)%00%(objectname)%00%(upstream:track) refs/heads/master refs/remotes/master
> git for-each-ref --sort -committerdate --format %(refname) %(objectname) %(*objectname)
> git remote --verbose
Warning: Failed to watch ref '/home/ubuntu/ChrisServer/open62541/.git/refs/remotes/origin/master', is most likely packed.
> git config --get commit.template
> git check-ignore -v -z --stdin
> git check-ignore -v -z --stdin
> git show --textconv :build/authenticationServer.c
> git ls-files --stage -- /home/ubuntu/ChrisServer/open62541/build/authenticationServer.c
> git status -z -u
> git symbolic-ref --short HEAD
> git for-each-ref --format=%(refname)%00%(upstream:short)%00%(objectname)%00%(upstream:track) refs/heads/master refs/remotes/master
> git for-each-ref --sort -committerdate --format %(refname) %(objectname) %(*objectname)
> git remote --verbose
Warning: Failed to watch ref '/home/ubuntu/ChrisServer/open62541/.git/refs/remotes/origin/master', is most likely packed.
> git config --get commit.template
> git status -z -u
> git symbolic-ref --short HEAD
> git for-each-ref --format=%(refname)%00%(upstream:short)%00%(objectname)%00%(upstream:track) refs/heads/master refs/remotes/master
> git for-each-ref --sort -committerdate --format %(refname) %(objectname) %(*objectname)
> git remote --verbose
Warning: Failed to watch ref '/home/ubuntu/ChrisServer/open62541/.git/refs/remotes/origin/master', is most likely packed.
> git config --get commit.template
> git check-ignore -v -z --stdin
> git check-ignore -v -z --stdin
> git check-ignore -v -z --stdin
> git check-ignore -v -z --stdin
> git check-ignore -v -z --stdin
> git show --textconv :plugins/include/open62541/plugin/accesscontrol_default.h
> git ls-files --stage -- /home/ubuntu/ChrisServer/open62541/plugins/include/open62541/plugin/accesscontrol_default.h
> git cat-file -s 7f60b1490f94f63aa6aa4567fe1a0c612923302c
> git show --textconv :build/authenticationServer.c
> git ls-files --stage -- /home/ubuntu/ChrisServer/open62541/build/authenticationServer.c
> git check-ignore -v -z --stdin
> git show --textconv :plugins/include/open62541/plugin/log_stdout.h
> git ls-files --stage -- /home/ubuntu/ChrisServer/open62541/plugins/include/open62541/plugin/log_stdout.h
> git cat-file -s 1d36da79da88d180f525291d92e8b53ac769e568
> git show --textconv :build/authenticationServer.c
> git ls-files --stage -- /home/ubuntu/ChrisServer/open62541/build/authenticationServer.c
> git show --textconv :build/authenticationServer.c
> git ls-files --stage -- /home/ubuntu/ChrisServer/open62541/build/authenticationServer.c
> git log --format=%H%n%aN%n%aE%n%at%n%ct%n%P%n%B -z -n21 -- /home/ubuntu/ChrisServer/open62541/build/authARCOServer
> git show --textconv :build/authenticationServer.c
> git ls-files --stage -- /home/ubuntu/ChrisServer/open62541/build/authenticationServer.c
> git status -z -u
> git symbolic-ref --short HEAD
> git for-each-ref --format=%(refname)%00%(upstream:short)%00%(objectname)%00%(upstream:track) refs/heads/master refs/remotes/master
> git for-each-ref --sort -committerdate --format %(refname) %(objectname) %(*objectname)
> git remote --verbose
Warning: Failed to watch ref '/home/ubuntu/ChrisServer/open62541/.git/refs/remotes/origin/master', is most likely packed.
> git config --get commit.template
> git show --textconv :build/authenticationServer.c
> git ls-files --stage -- /home/ubuntu/ChrisServer/open62541/build/authenticationServer.c
> git status -z -u
> git symbolic-ref --short HEAD
> git for-each-ref --format=%(refname)%00%(upstream:short)%00%(objectname)%00%(upstream:track) refs/heads/master refs/remotes/master
> git for-each-ref --sort -committerdate --format %(refname) %(objectname) %(*objectname)
> git remote --verbose
Warning: Failed to watch ref '/home/ubuntu/ChrisServer/open62541/.git/refs/remotes/origin/master', is most likely packed.
> git config --get commit.template
> git status -z -u
> git symbolic-ref --short HEAD
> git for-each-ref --format=%(refname)%00%(upstream:short)%00%(objectname)%00%(upstream:track) refs/heads/master refs/remotes/master
> git for-each-ref --sort -committerdate --format %(refname) %(objectname) %(*objectname)
> git remote --verbose
Warning: Failed to watch ref '/home/ubuntu/ChrisServer/open62541/.git/refs/remotes/origin/master', is most likely packed.
> git config --get commit.template
> git show --textconv :build/authenticationServer.c
> git ls-files --stage -- /home/ubuntu/ChrisServer/open62541/build/authenticationServer.c
> git show --textconv :build/CMakeCache.txt
> git ls-files --stage -- /home/ubuntu/ChrisServer/open62541/build/CMakeCache.txt
> git show --textconv :build/cmake_install.cmake
> git ls-files --stage -- /home/ubuntu/ChrisServer/open62541/build/cmake_install.cmake
> git show --textconv :build/authenticationServer.c
> git ls-files --stage -- /home/ubuntu/ChrisServer/open62541/build/authenticationServer.c
> git check-ignore -v -z --stdin
> git check-ignore -v -z --stdin
> git status -z -u
> git symbolic-ref --short HEAD
> git for-each-ref --format=%(refname)%00%(upstream:short)%00%(objectname)%00%(upstream:track) refs/heads/master refs/remotes/master
> git for-each-ref --sort -committerdate --format %(refname) %(objectname) %(*objectname)
> git remote --verbose
Warning: Failed to watch ref '/home/ubuntu/ChrisServer/open62541/.git/refs/remotes/origin/master', is most likely packed.
> git config --get commit.template
> git status -z -u
> git symbolic-ref --short HEAD
> git for-each-ref --format=%(refname)%00%(upstream:short)%00%(objectname)%00%(upstream:track) refs/heads/master refs/remotes/master
> git for-each-ref --sort -committerdate --format %(refname) %(objectname) %(*objectname)
> git remote --verbose
Warning: Failed to watch ref '/home/ubuntu/ChrisServer/open62541/.git/refs/remotes/origin/master', is most likely packed.
> git config --get commit.template
> git status -z -u
> git symbolic-ref --short HEAD
> git for-each-ref --format=%(refname)%00%(upstream:short)%00%(objectname)%00%(upstream:track) refs/heads/master refs/remotes/master
> git for-each-ref --sort -committerdate --format %(refname) %(objectname) %(*objectname)
> git remote --verbose
Warning: Failed to watch ref '/home/ubuntu/ChrisServer/open62541/.git/refs/remotes/origin/master', is most likely packed.
> git config --get commit.template
> git status -z -u
> git symbolic-ref --short HEAD
> git for-each-ref --format=%(refname)%00%(upstream:short)%00%(objectname)%00%(upstream:track) refs/heads/master refs/remotes/master
> git for-each-ref --sort -committerdate --format %(refname) %(objectname) %(*objectname)
> git remote --verbose
Warning: Failed to watch ref '/home/ubuntu/ChrisServer/open62541/.git/refs/remotes/origin/master', is most likely packed.
> git config --get commit.template
> git status -z -u
> git symbolic-ref --short HEAD
> git for-each-ref --format=%(refname)%00%(upstream:short)%00%(objectname)%00%(upstream:track) refs/heads/master refs/remotes/master
> git for-each-ref --sort -committerdate --format %(refname) %(objectname) %(*objectname)
> git remote --verbose
Warning: Failed to watch ref '/home/ubuntu/ChrisServer/open62541/.git/refs/remotes/origin/master', is most likely packed.
> git config --get commit.template
> git status -z -u
> git symbolic-ref --short HEAD
> git for-each-ref --format=%(refname)%00%(upstream:short)%00%(objectname)%00%(upstream:track) refs/heads/master refs/remotes/master
> git for-each-ref --sort -committerdate --format %(refname) %(objectname) %(*objectname)
> git remote --verbose
Warning: Failed to watch ref '/home/ubuntu/ChrisServer/open62541/.git/refs/remotes/origin/master', is most likely packed.
> git config --get commit.template
> git status -z -u
> git symbolic-ref --short HEAD
> git for-each-ref --format=%(refname)%00%(upstream:short)%00%(objectname)%00%(upstream:track) refs/heads/master refs/remotes/master
> git for-each-ref --sort -committerdate --format %(refname) %(objectname) %(*objectname)
> git remote --verbose
Warning: Failed to watch ref '/home/ubuntu/ChrisServer/open62541/.git/refs/remotes/origin/master', is most likely packed.
> git config --get commit.template
> git show --textconv :build/authenticationServer.c
> git ls-files --stage -- /home/ubuntu/ChrisServer/open62541/build/authenticationServer.c
> git status -z -u
> git symbolic-ref --short HEAD
> git for-each-ref --format=%(refname)%00%(upstream:short)%00%(objectname)%00%(upstream:track) refs/heads/master refs/remotes/master
> git for-each-ref --sort -committerdate --format %(refname) %(objectname) %(*objectname)
> git remote --verbose
Warning: Failed to watch ref '/home/ubuntu/ChrisServer/open62541/.git/refs/remotes/origin/master', is most likely packed.
> git config --get commit.template
> git status -z -u
> git symbolic-ref --short HEAD
> git for-each-ref --format=%(refname)%00%(upstream:short)%00%(objectname)%00%(upstream:track) refs/heads/master refs/remotes/master
> git for-each-ref --sort -committerdate --format %(refname) %(objectname) %(*objectname)
> git remote --verbose
Warning: Failed to watch ref '/home/ubuntu/ChrisServer/open62541/.git/refs/remotes/origin/master', is most likely packed.
> git config --get commit.template
> git status -z -u
> git symbolic-ref --short HEAD
> git for-each-ref --format=%(refname)%00%(upstream:short)%00%(objectname)%00%(upstream:track) refs/heads/master refs/remotes/master
> git for-each-ref --sort -committerdate --format %(refname) %(objectname) %(*objectname)
> git remote --verbose
Warning: Failed to watch ref '/home/ubuntu/ChrisServer/open62541/.git/refs/remotes/origin/master', is most likely packed.
> git config --get commit.template
> git status -z -u
> git symbolic-ref --short HEAD
> git for-each-ref --format=%(refname)%00%(upstream:short)%00%(objectname)%00%(upstream:track) refs/heads/master refs/remotes/master
> git for-each-ref --sort -committerdate --format %(refname) %(objectname) %(*objectname)
> git remote --verbose
Warning: Failed to watch ref '/home/ubuntu/ChrisServer/open62541/.git/refs/remotes/origin/master', is most likely packed.
> git config --get commit.template
> git status -z -u
> git symbolic-ref --short HEAD
> git for-each-ref --format=%(refname)%00%(upstream:short)%00%(objectname)%00%(upstream:track) refs/heads/master refs/remotes/master
> git for-each-ref --sort -committerdate --format %(refname) %(objectname) %(*objectname)
> git remote --verbose
Warning: Failed to watch ref '/home/ubuntu/ChrisServer/open62541/.git/refs/remotes/origin/master', is most likely packed.
> git config --get commit.template
> git show --textconv :build/authenticationServer.c
> git ls-files --stage -- /home/ubuntu/ChrisServer/open62541/build/authenticationServer.c
> git status -z -u
> git symbolic-ref --short HEAD
> git for-each-ref --format=%(refname)%00%(upstream:short)%00%(objectname)%00%(upstream:track) refs/heads/master refs/remotes/master
> git for-each-ref --sort -committerdate --format %(refname) %(objectname) %(*objectname)
> git remote --verbose
Warning: Failed to watch ref '/home/ubuntu/ChrisServer/open62541/.git/refs/remotes/origin/master', is most likely packed.
> git config --get commit.template
> git status -z -u
> git symbolic-ref --short HEAD
> git for-each-ref --format=%(refname)%00%(upstream:short)%00%(objectname)%00%(upstream:track) refs/heads/master refs/remotes/master
> git for-each-ref --sort -committerdate --format %(refname) %(objectname) %(*objectname)
> git remote --verbose
Warning: Failed to watch ref '/home/ubuntu/ChrisServer/open62541/.git/refs/remotes/origin/master', is most likely packed.
> git config --get commit.template
> git status -z -u
> git symbolic-ref --short HEAD
> git for-each-ref --format=%(refname)%00%(upstream:short)%00%(objectname)%00%(upstream:track) refs/heads/master refs/remotes/master
> git for-each-ref --sort -committerdate --format %(refname) %(objectname) %(*objectname)
> git remote --verbose
Warning: Failed to watch ref '/home/ubuntu/ChrisServer/open62541/.git/refs/remotes/origin/master', is most likely packed.
> git config --get commit.template
> git show --textconv :build/compile_commands.json
> git ls-files --stage -- /home/ubuntu/ChrisServer/open62541/build/compile_commands.json
> git status -z -u
> git symbolic-ref --short HEAD
> git for-each-ref --format=%(refname)%00%(upstream:short)%00%(objectname)%00%(upstream:track) refs/heads/master refs/remotes/master
> git for-each-ref --sort -committerdate --format %(refname) %(objectname) %(*objectname)
> git remote --verbose
Warning: Failed to watch ref '/home/ubuntu/ChrisServer/open62541/.git/refs/remotes/origin/master', is most likely packed.
> git config --get commit.template
> git show --textconv :build/authenticationServer.c
> git ls-files --stage -- /home/ubuntu/ChrisServer/open62541/build/authenticationServer.c
> git show --textconv :build/compile_commands.json
> git ls-files --stage -- /home/ubuntu/ChrisServer/open62541/build/compile_commands.json
> git status -z -u
> git symbolic-ref --short HEAD
> git for-each-ref --format=%(refname)%00%(upstream:short)%00%(objectname)%00%(upstream:track) refs/heads/master refs/remotes/master
> git for-each-ref --sort -committerdate --format %(refname) %(objectname) %(*objectname)
> git remote --verbose
Warning: Failed to watch ref '/home/ubuntu/ChrisServer/open62541/.git/refs/remotes/origin/master', is most likely packed.
> git config --get commit.template
> git show --textconv :build/authenticationServer.c
> git ls-files --stage -- /home/ubuntu/ChrisServer/open62541/build/authenticationServer.c
> git show --textconv :build/compile_commands.json
> git ls-files --stage -- /home/ubuntu/ChrisServer/open62541/build/compile_commands.json
> git show --textconv :build/authenticationServer.c
> git ls-files --stage -- /home/ubuntu/ChrisServer/open62541/build/authenticationServer.c
> git status -z -u
> git symbolic-ref --short HEAD
> git for-each-ref --format=%(refname)%00%(upstream:short)%00%(objectname)%00%(upstream:track) refs/heads/master refs/remotes/master
> git for-each-ref --sort -committerdate --format %(refname) %(objectname) %(*objectname)
> git remote --verbose
Warning: Failed to watch ref '/home/ubuntu/ChrisServer/open62541/.git/refs/remotes/origin/master', is most likely packed.
> git config --get commit.template
> git status -z -u
> git symbolic-ref --short HEAD
> git for-each-ref --format=%(refname)%00%(upstream:short)%00%(objectname)%00%(upstream:track) refs/heads/master refs/remotes/master
> git for-each-ref --sort -committerdate --format %(refname) %(objectname) %(*objectname)
> git remote --verbose
Warning: Failed to watch ref '/home/ubuntu/ChrisServer/open62541/.git/refs/remotes/origin/master', is most likely packed.
> git config --get commit.template
> git show --textconv :build/compile_commands.json
> git ls-files --stage -- /home/ubuntu/ChrisServer/open62541/build/compile_commands.json
> git show --textconv :build/authenticationServer.c
> git ls-files --stage -- /home/ubuntu/ChrisServer/open62541/build/authenticationServer.c
> git status -z -u
> git symbolic-ref --short HEAD
> git for-each-ref --format=%(refname)%00%(upstream:short)%00%(objectname)%00%(upstream:track) refs/heads/master refs/remotes/master
> git for-each-ref --sort -committerdate --format %(refname) %(objectname) %(*objectname)
> git remote --verbose
Warning: Failed to watch ref '/home/ubuntu/ChrisServer/open62541/.git/refs/remotes/origin/master', is most likely packed.
> git config --get commit.template
> git show --textconv :build/compile_commands.json
> git ls-files --stage -- /home/ubuntu/ChrisServer/open62541/build/compile_commands.json
> git show --textconv :build/authenticationServer.c
> git ls-files --stage -- /home/ubuntu/ChrisServer/open62541/build/authenticationServer.c
> git status -z -u
> git symbolic-ref --short HEAD
> git for-each-ref --format=%(refname)%00%(upstream:short)%00%(objectname)%00%(upstream:track) refs/heads/master refs/remotes/master
> git for-each-ref --sort -committerdate --format %(refname) %(objectname) %(*objectname)
> git remote --verbose
Warning: Failed to watch ref '/home/ubuntu/ChrisServer/open62541/.git/refs/remotes/origin/master', is most likely packed.
> git config --get commit.template
> git show --textconv :build/compile_commands.json
> git ls-files --stage -- /home/ubuntu/ChrisServer/open62541/build/compile_commands.json
> git show --textconv :build/authenticationServer.c
> git ls-files --stage -- /home/ubuntu/ChrisServer/open62541/build/authenticationServer.c
> git status -z -u
> git symbolic-ref --short HEAD
> git for-each-ref --format=%(refname)%00%(upstream:short)%00%(objectname)%00%(upstream:track) refs/heads/master refs/remotes/master
> git for-each-ref --sort -committerdate --format %(refname) %(objectname) %(*objectname)
> git remote --verbose
Warning: Failed to watch ref '/home/ubuntu/ChrisServer/open62541/.git/refs/remotes/origin/master', is most likely packed.
> git config --get commit.template
