[2021-06-24 22:33:52.781] [exthost] [info] extension host started
[2021-06-24 22:33:52.993] [exthost] [info] ExtensionService#_doActivateExtension ms-vscode.cpptools {"startup":false,"extensionId":{"value":"ms-vscode.cpptools","_lower":"ms-vscode.cpptools"},"activationEvent":"onLanguage:c"}
[2021-06-24 22:33:52.994] [exthost] [info] ExtensionService#loadCommonJSModule file:///home/ubuntu/.vscode-server/extensions/ms-vscode.cpptools-1.4.1/dist/main
[2021-06-24 22:33:53.580] [exthost] [info] ExtensionService#_doActivateExtension vscode.debug-auto-launch {"startup":true,"extensionId":{"value":"vscode.debug-auto-launch","_lower":"vscode.debug-auto-launch"},"activationEvent":"*"}
[2021-06-24 22:33:53.580] [exthost] [info] ExtensionService#loadCommonJSModule file:///home/ubuntu/.vscode-server/bin/b4c1bd0a9b03c749ea011b06c6d2676c8091a70c/extensions/debug-auto-launch/dist/extension
[2021-06-24 22:33:53.617] [exthost] [info] ExtensionService#_doActivateExtension vscode.git {"startup":true,"extensionId":{"value":"vscode.github","_lower":"vscode.github"},"activationEvent":"*"}
[2021-06-24 22:33:53.617] [exthost] [info] ExtensionService#loadCommonJSModule file:///home/ubuntu/.vscode-server/bin/b4c1bd0a9b03c749ea011b06c6d2676c8091a70c/extensions/git/dist/main
[2021-06-24 22:33:54.150] [exthost] [info] ExtensionService#_doActivateExtension vscode.github {"startup":true,"extensionId":{"value":"vscode.github","_lower":"vscode.github"},"activationEvent":"*"}
[2021-06-24 22:33:54.150] [exthost] [info] ExtensionService#loadCommonJSModule file:///home/ubuntu/.vscode-server/bin/b4c1bd0a9b03c749ea011b06c6d2676c8091a70c/extensions/github/dist/extension.js
[2021-06-24 22:33:55.002] [exthost] [info] ExtensionService#_doActivateExtension vscode.emmet {"startup":false,"extensionId":{"value":"vscode.emmet","_lower":"vscode.emmet"},"activationEvent":"onStartupFinished"}
[2021-06-24 22:33:55.002] [exthost] [info] ExtensionService#loadCommonJSModule file:///home/ubuntu/.vscode-server/bin/b4c1bd0a9b03c749ea011b06c6d2676c8091a70c/extensions/emmet/dist/node/emmetNodeMain
[2021-06-24 22:33:55.070] [exthost] [info] ExtensionService#_doActivateExtension vscode.merge-conflict {"startup":false,"extensionId":{"value":"vscode.merge-conflict","_lower":"vscode.merge-conflict"},"activationEvent":"onStartupFinished"}
[2021-06-24 22:33:55.070] [exthost] [info] ExtensionService#loadCommonJSModule file:///home/ubuntu/.vscode-server/bin/b4c1bd0a9b03c749ea011b06c6d2676c8091a70c/extensions/merge-conflict/dist/mergeConflictMain
[2021-06-24 22:33:55.089] [exthost] [info] ExtensionService#_doActivateExtension vscode.testing-editor-contributions {"startup":false,"extensionId":{"value":"vscode.testing-editor-contributions","_lower":"vscode.testing-editor-contributions"},"activationEvent":"onStartupFinished"}
[2021-06-24 22:33:55.089] [exthost] [info] ExtensionService#loadCommonJSModule file:///home/ubuntu/.vscode-server/bin/b4c1bd0a9b03c749ea011b06c6d2676c8091a70c/extensions/testing-editor-contributions/dist/extension.js
[2021-06-24 22:33:55.090] [exthost] [info] eager extensions activated
[2021-06-24 22:33:55.295] [exthost] [info] ExtensionService#_doActivateExtension vscode.configuration-editing {"startup":false,"extensionId":{"value":"vscode.configuration-editing","_lower":"vscode.configuration-editing"},"activationEvent":"onLanguage:json"}
[2021-06-24 22:33:55.295] [exthost] [info] ExtensionService#loadCommonJSModule file:///home/ubuntu/.vscode-server/bin/b4c1bd0a9b03c749ea011b06c6d2676c8091a70c/extensions/configuration-editing/dist/configurationEditingMain
[2021-06-24 22:33:55.329] [exthost] [info] ExtensionService#_doActivateExtension vscode.extension-editing {"startup":false,"extensionId":{"value":"vscode.extension-editing","_lower":"vscode.extension-editing"},"activationEvent":"onLanguage:json"}
[2021-06-24 22:33:55.329] [exthost] [info] ExtensionService#loadCommonJSModule file:///home/ubuntu/.vscode-server/bin/b4c1bd0a9b03c749ea011b06c6d2676c8091a70c/extensions/extension-editing/dist/extensionEditingMain
[2021-06-24 22:33:55.373] [exthost] [info] ExtensionService#_doActivateExtension vscode.json-language-features {"startup":false,"extensionId":{"value":"vscode.json-language-features","_lower":"vscode.json-language-features"},"activationEvent":"onLanguage:json"}
[2021-06-24 22:33:55.373] [exthost] [info] ExtensionService#loadCommonJSModule file:///home/ubuntu/.vscode-server/bin/b4c1bd0a9b03c749ea011b06c6d2676c8091a70c/extensions/json-language-features/client/dist/node/jsonClientMain
[2021-06-24 22:33:55.501] [exthost] [info] ExtensionService#_doActivateExtension vscode.npm {"startup":false,"extensionId":{"value":"vscode.npm","_lower":"vscode.npm"},"activationEvent":"onLanguage:json"}
[2021-06-24 22:33:55.501] [exthost] [info] ExtensionService#loadCommonJSModule file:///home/ubuntu/.vscode-server/bin/b4c1bd0a9b03c749ea011b06c6d2676c8091a70c/extensions/npm/dist/npmMain
[2021-06-24 22:33:55.658] [exthost] [info] ExtensionService#_doActivateExtension ms-vscode.js-debug {"startup":false,"extensionId":{"value":"ms-vscode.js-debug","_lower":"ms-vscode.js-debug"},"activationEvent":"onCommand:extension.js-debug.clearAutoAttachVariables"}
[2021-06-24 22:33:55.658] [exthost] [info] ExtensionService#loadCommonJSModule file:///home/ubuntu/.vscode-server/bin/b4c1bd0a9b03c749ea011b06c6d2676c8091a70c/extensions/ms-vscode.js-debug/src/extension.js
[2021-06-24 22:33:56.697] [exthost] [info] ExtensionService#_doActivateExtension vscode.typescript-language-features {"startup":false,"extensionId":{"value":"vscode.typescript-language-features","_lower":"vscode.typescript-language-features"},"activationEvent":"onLanguage:jsonc"}
[2021-06-24 22:33:56.699] [exthost] [info] ExtensionService#loadCommonJSModule file:///home/ubuntu/.vscode-server/bin/b4c1bd0a9b03c749ea011b06c6d2676c8091a70c/extensions/typescript-language-features/dist/extension
[2021-06-24 22:35:09.847] [exthost] [info] ExtensionService#_doActivateExtension vscode.debug-server-ready {"startup":false,"extensionId":{"value":"vscode.debug-server-ready","_lower":"vscode.debug-server-ready"},"activationEvent":"onDebugResolve"}
[2021-06-24 22:35:09.848] [exthost] [info] ExtensionService#loadCommonJSModule file:///home/ubuntu/.vscode-server/bin/b4c1bd0a9b03c749ea011b06c6d2676c8091a70c/extensions/debug-server-ready/dist/extension
[2021-06-24 22:35:10.005] [exthost] [info] ExtensionService#_doActivateExtension ms-vscode.node-debug2 {"startup":false,"extensionId":{"value":"ms-vscode.node-debug","_lower":"ms-vscode.node-debug"},"activationEvent":"onDebugInitialConfigurations"}
[2021-06-24 22:35:10.006] [exthost] [info] ExtensionService#loadCommonJSModule file:///home/ubuntu/.vscode-server/bin/b4c1bd0a9b03c749ea011b06c6d2676c8091a70c/extensions/ms-vscode.node-debug2/out/src/extension
[2021-06-24 22:35:10.044] [exthost] [info] ExtensionService#_doActivateExtension ms-vscode.node-debug {"startup":false,"extensionId":{"value":"ms-vscode.node-debug","_lower":"ms-vscode.node-debug"},"activationEvent":"onDebugInitialConfigurations"}
[2021-06-24 22:35:10.044] [exthost] [info] ExtensionService#loadCommonJSModule file:///home/ubuntu/.vscode-server/bin/b4c1bd0a9b03c749ea011b06c6d2676c8091a70c/extensions/ms-vscode.node-debug/dist/extension.js
[2021-06-24 22:39:43.706] [exthost] [warning] ms-vscode.cpptools - Code actions of kind 'quickfix 'requested but returned code action does not have a 'kind'. Code action will be dropped. Please set 'CodeAction.kind'.
[2021-06-24 22:39:43.706] [exthost] [warning] ms-vscode.cpptools - Code actions of kind 'quickfix 'requested but returned code action does not have a 'kind'. Code action will be dropped. Please set 'CodeAction.kind'.
[2021-06-24 22:39:43.706] [exthost] [warning] ms-vscode.cpptools - Code actions of kind 'quickfix 'requested but returned code action does not have a 'kind'. Code action will be dropped. Please set 'CodeAction.kind'.
[2021-06-24 22:39:52.143] [exthost] [warning] ms-vscode.cpptools - Code actions of kind 'quickfix 'requested but returned code action does not have a 'kind'. Code action will be dropped. Please set 'CodeAction.kind'.
[2021-06-24 22:39:52.143] [exthost] [warning] ms-vscode.cpptools - Code actions of kind 'quickfix 'requested but returned code action does not have a 'kind'. Code action will be dropped. Please set 'CodeAction.kind'.
[2021-06-24 22:39:52.143] [exthost] [warning] ms-vscode.cpptools - Code actions of kind 'quickfix 'requested but returned code action does not have a 'kind'. Code action will be dropped. Please set 'CodeAction.kind'.
[2021-06-24 22:39:52.143] [exthost] [warning] ms-vscode.cpptools - Code actions of kind 'quickfix 'requested but returned code action does not have a 'kind'. Code action will be dropped. Please set 'CodeAction.kind'.
[2021-06-24 22:39:53.486] [exthost] [warning] ms-vscode.cpptools - Code actions of kind 'quickfix 'requested but returned code action does not have a 'kind'. Code action will be dropped. Please set 'CodeAction.kind'.
[2021-06-24 22:39:53.486] [exthost] [warning] ms-vscode.cpptools - Code actions of kind 'quickfix 'requested but returned code action does not have a 'kind'. Code action will be dropped. Please set 'CodeAction.kind'.
[2021-06-24 22:39:53.486] [exthost] [warning] ms-vscode.cpptools - Code actions of kind 'quickfix 'requested but returned code action does not have a 'kind'. Code action will be dropped. Please set 'CodeAction.kind'.
[2021-06-24 22:39:53.486] [exthost] [warning] ms-vscode.cpptools - Code actions of kind 'quickfix 'requested but returned code action does not have a 'kind'. Code action will be dropped. Please set 'CodeAction.kind'.
[2021-06-24 22:39:59.927] [exthost] [error] [ms-vscode.cpptools] provider FAILED
[2021-06-24 22:39:59.927] [exthost] [error] Canceled: Canceled
	at FoldingRangeProvider.<anonymous> (/home/ubuntu/.vscode-server/extensions/ms-vscode.cpptools-1.4.1/dist/main.js:35700:23)
	at Generator.next (<anonymous>)
	at fulfilled (/home/ubuntu/.vscode-server/extensions/ms-vscode.cpptools-1.4.1/dist/main.js:35674:58)
[2021-06-24 22:44:27.454] [exthost] [warning] ms-vscode.cpptools - Code actions of kind 'quickfix 'requested but returned code action does not have a 'kind'. Code action will be dropped. Please set 'CodeAction.kind'.
[2021-06-24 22:44:27.462] [exthost] [warning] ms-vscode.cpptools - Code actions of kind 'quickfix 'requested but returned code action does not have a 'kind'. Code action will be dropped. Please set 'CodeAction.kind'.
[2021-06-24 22:44:27.462] [exthost] [warning] ms-vscode.cpptools - Code actions of kind 'quickfix 'requested but returned code action does not have a 'kind'. Code action will be dropped. Please set 'CodeAction.kind'.
[2021-06-24 22:44:27.462] [exthost] [warning] ms-vscode.cpptools - Code actions of kind 'quickfix 'requested but returned code action does not have a 'kind'. Code action will be dropped. Please set 'CodeAction.kind'.
[2021-06-24 22:44:27.462] [exthost] [warning] ms-vscode.cpptools - Code actions of kind 'quickfix 'requested but returned code action does not have a 'kind'. Code action will be dropped. Please set 'CodeAction.kind'.
[2021-06-24 22:44:36.724] [exthost] [warning] ms-vscode.cpptools - Code actions of kind 'quickfix 'requested but returned code action does not have a 'kind'. Code action will be dropped. Please set 'CodeAction.kind'.
[2021-06-24 22:44:36.724] [exthost] [warning] ms-vscode.cpptools - Code actions of kind 'quickfix 'requested but returned code action does not have a 'kind'. Code action will be dropped. Please set 'CodeAction.kind'.
[2021-06-24 22:44:36.724] [exthost] [warning] ms-vscode.cpptools - Code actions of kind 'quickfix 'requested but returned code action does not have a 'kind'. Code action will be dropped. Please set 'CodeAction.kind'.
[2021-06-24 22:44:36.724] [exthost] [warning] ms-vscode.cpptools - Code actions of kind 'quickfix 'requested but returned code action does not have a 'kind'. Code action will be dropped. Please set 'CodeAction.kind'.
[2021-06-24 22:44:36.724] [exthost] [warning] ms-vscode.cpptools - Code actions of kind 'quickfix 'requested but returned code action does not have a 'kind'. Code action will be dropped. Please set 'CodeAction.kind'.
[2021-06-24 22:53:04.888] [exthost] [error] [ms-vscode.cpptools] provider FAILED
[2021-06-24 22:53:04.904] [exthost] [error] Canceled: Canceled
	at FoldingRangeProvider.<anonymous> (/home/ubuntu/.vscode-server/extensions/ms-vscode.cpptools-1.4.1/dist/main.js:35700:23)
	at Generator.next (<anonymous>)
	at fulfilled (/home/ubuntu/.vscode-server/extensions/ms-vscode.cpptools-1.4.1/dist/main.js:35674:58)
	at runNextTicks (internal/process/task_queues.js:58:5)
	at processImmediate (internal/timers.js:434:9)
