[6/24/2021, 10:33:56 PM] "server_access_control.c" not found in "${workspaceFolder}/open62541/build/compile_commands.json". 'includePath' from c_cpp_properties.json in folder 'ChrisServer' will be used for this file instead.
[6/24/2021, 10:34:25 PM] "server_access_control.c" not found in "${workspaceFolder}/open62541/build/compile_commands.json". 'includePath' from c_cpp_properties.json in folder 'ChrisServer' will be used for this file instead.
[6/24/2021, 10:34:26 PM] "server_access_control.c" not found in "${workspaceFolder}/open62541/build/compile_commands.json". 'includePath' from c_cpp_properties.json in folder 'ChrisServer' will be used for this file instead.
[6/24/2021, 10:34:35 PM] "authenticationServer.c" not found in "${workspaceFolder}/open62541/build/compile_commands.json". 'includePath' from c_cpp_properties.json in folder 'ChrisServer' will be used for this file instead.
[6/24/2021, 10:36:07 PM] "authenticationServer.c" not found in "${workspaceFolder}/open62541/build/compile_commands.json". 'includePath' from c_cpp_properties.json in folder 'ChrisServer' will be used for this file instead.
[6/24/2021, 10:36:13 PM] "authenticationServer.c" not found in "${workspaceFolder}/open62541/build/compile_commands.json". 'includePath' from c_cpp_properties.json in folder 'ChrisServer' will be used for this file instead.
[6/24/2021, 10:36:17 PM] "authenticationServer.c" not found in "${workspaceFolder}/open62541/build/compile_commands.json". 'includePath' from c_cpp_properties.json in folder 'ChrisServer' will be used for this file instead.
[6/24/2021, 10:36:18 PM] "authenticationServer.c" not found in "${workspaceFolder}/open62541/build/compile_commands.json". 'includePath' from c_cpp_properties.json in folder 'ChrisServer' will be used for this file instead.
[6/24/2021, 10:41:45 PM] "authenticationServer.c" not found in "${workspaceFolder}/open62541/build/compile_commands.json". 'includePath' from c_cpp_properties.json in folder 'ChrisServer' will be used for this file instead.
[6/24/2021, 10:41:46 PM] "authenticationServer.c" not found in "${workspaceFolder}/open62541/build/compile_commands.json". 'includePath' from c_cpp_properties.json in folder 'ChrisServer' will be used for this file instead.
[6/24/2021, 10:41:57 PM] "ua_config_default.c" not found in "${workspaceFolder}/open62541/build/compile_commands.json". 'includePath' from c_cpp_properties.json in folder 'ChrisServer' will be used for this file instead.
[6/24/2021, 10:42:11 PM] "authenticationServer.c" not found in "${workspaceFolder}/open62541/build/compile_commands.json". 'includePath' from c_cpp_properties.json in folder 'ChrisServer' will be used for this file instead.
[6/24/2021, 10:42:11 PM] "ua_config_default.c" not found in "${workspaceFolder}/open62541/build/compile_commands.json". 'includePath' from c_cpp_properties.json in folder 'ChrisServer' will be used for this file instead.
[6/24/2021, 10:42:12 PM] "ua_config_default.c" not found in "${workspaceFolder}/open62541/build/compile_commands.json". 'includePath' from c_cpp_properties.json in folder 'ChrisServer' will be used for this file instead.
[6/24/2021, 10:42:50 PM] "ua_config_default.c" not found in "${workspaceFolder}/open62541/build/compile_commands.json". 'includePath' from c_cpp_properties.json in folder 'ChrisServer' will be used for this file instead.
[6/24/2021, 10:42:56 PM] "ua_config_default.c" not found in "${workspaceFolder}/open62541/build/compile_commands.json". 'includePath' from c_cpp_properties.json in folder 'ChrisServer' will be used for this file instead.
[6/24/2021, 10:44:16 PM] "authenticationServer.c" not found in "${workspaceFolder}/open62541/build/compile_commands.json". 'includePath' from c_cpp_properties.json in folder 'ChrisServer' will be used for this file instead.
[6/24/2021, 10:45:26 PM] "authenticationServer.c" not found in "${workspaceFolder}/open62541/build/compile_commands.json". 'includePath' from c_cpp_properties.json in folder 'ChrisServer' will be used for this file instead.
[6/24/2021, 10:45:26 PM] "authenticationServer.c" not found in "${workspaceFolder}/open62541/build/compile_commands.json". 'includePath' from c_cpp_properties.json in folder 'ChrisServer' will be used for this file instead.
[6/24/2021, 10:46:06 PM] "authenticationServer.c" not found in "${workspaceFolder}/open62541/build/compile_commands.json". 'includePath' from c_cpp_properties.json in folder 'ChrisServer' will be used for this file instead.
[6/24/2021, 10:46:06 PM] "authenticationServer.c" not found in "${workspaceFolder}/open62541/build/compile_commands.json". 'includePath' from c_cpp_properties.json in folder 'ChrisServer' will be used for this file instead.
[6/24/2021, 10:50:54 PM] "authenticationServer.c" not found in "${workspaceFolder}/open62541/build/compile_commands.json". 'includePath' from c_cpp_properties.json in folder 'ChrisServer' will be used for this file instead.
[6/24/2021, 10:50:55 PM] "authenticationServer.c" not found in "${workspaceFolder}/open62541/build/compile_commands.json". 'includePath' from c_cpp_properties.json in folder 'ChrisServer' will be used for this file instead.
[6/24/2021, 10:52:15 PM] "authenticationServer.c" not found in "${workspaceFolder}/open62541/build/compile_commands.json". 'includePath' from c_cpp_properties.json in folder 'ChrisServer' will be used for this file instead.
[6/24/2021, 10:52:20 PM] "authenticationServer.c" not found in "${workspaceFolder}/open62541/build/compile_commands.json". 'includePath' from c_cpp_properties.json in folder 'ChrisServer' will be used for this file instead.
[6/24/2021, 10:57:29 PM] "authenticationServer.c" not found in "${workspaceFolder}/open62541/build/compile_commands.json". 'includePath' from c_cpp_properties.json in folder 'ChrisServer' will be used for this file instead.
[6/24/2021, 10:57:30 PM] "types_generated.c" not found in "${workspaceFolder}/open62541/build/compile_commands.json". 'includePath' from c_cpp_properties.json in folder 'ChrisServer' will be used for this file instead.
[6/24/2021, 10:58:16 PM] "types_generated.c" not found in "${workspaceFolder}/open62541/build/compile_commands.json". 'includePath' from c_cpp_properties.json in folder 'ChrisServer' will be used for this file instead.
[6/24/2021, 10:58:38 PM] "namespace0_generated.c" not found in "${workspaceFolder}/open62541/build/compile_commands.json". 'includePath' from c_cpp_properties.json in folder 'ChrisServer' will be used for this file instead.
[6/24/2021, 10:58:57 PM] "authenticationServer.c" not found in "${workspaceFolder}/open62541/build/compile_commands.json". 'includePath' from c_cpp_properties.json in folder 'ChrisServer' will be used for this file instead.
[6/24/2021, 10:58:57 PM] "ARCOModel.c" not found in "${workspaceFolder}/open62541/build/compile_commands.json". 'includePath' from c_cpp_properties.json in folder 'ChrisServer' will be used for this file instead.
[6/24/2021, 10:58:58 PM] "server_access_control.c" not found in "${workspaceFolder}/open62541/build/compile_commands.json". 'includePath' from c_cpp_properties.json in folder 'ChrisServer' will be used for this file instead.
[6/24/2021, 10:58:58 PM] "types_generated.c" not found in "${workspaceFolder}/open62541/build/compile_commands.json". 'includePath' from c_cpp_properties.json in folder 'ChrisServer' will be used for this file instead.
