[2021-06-24 21:43:26.047] [exthost] [info] extension host started
[2021-06-24 21:43:26.180] [exthost] [info] ExtensionService#_doActivateExtension vscode.debug-auto-launch {"startup":true,"extensionId":{"value":"vscode.debug-auto-launch","_lower":"vscode.debug-auto-launch"},"activationEvent":"*"}
[2021-06-24 21:43:26.181] [exthost] [info] ExtensionService#loadCommonJSModule file:///home/ubuntu/.vscode-server/bin/b4c1bd0a9b03c749ea011b06c6d2676c8091a70c/extensions/debug-auto-launch/dist/extension
[2021-06-24 21:43:26.197] [exthost] [info] ExtensionService#_doActivateExtension vscode.git {"startup":true,"extensionId":{"value":"vscode.github","_lower":"vscode.github"},"activationEvent":"*"}
[2021-06-24 21:43:26.197] [exthost] [info] ExtensionService#loadCommonJSModule file:///home/ubuntu/.vscode-server/bin/b4c1bd0a9b03c749ea011b06c6d2676c8091a70c/extensions/git/dist/main
[2021-06-24 21:43:26.624] [exthost] [info] ExtensionService#_doActivateExtension vscode.github {"startup":true,"extensionId":{"value":"vscode.github","_lower":"vscode.github"},"activationEvent":"*"}
[2021-06-24 21:43:26.624] [exthost] [info] ExtensionService#loadCommonJSModule file:///home/ubuntu/.vscode-server/bin/b4c1bd0a9b03c749ea011b06c6d2676c8091a70c/extensions/github/dist/extension.js
[2021-06-24 21:43:26.865] [exthost] [info] ExtensionService#_doActivateExtension vscode.emmet {"startup":false,"extensionId":{"value":"vscode.emmet","_lower":"vscode.emmet"},"activationEvent":"onStartupFinished"}
[2021-06-24 21:43:26.865] [exthost] [info] ExtensionService#loadCommonJSModule file:///home/ubuntu/.vscode-server/bin/b4c1bd0a9b03c749ea011b06c6d2676c8091a70c/extensions/emmet/dist/node/emmetNodeMain
[2021-06-24 21:43:26.913] [exthost] [info] ExtensionService#_doActivateExtension vscode.merge-conflict {"startup":false,"extensionId":{"value":"vscode.merge-conflict","_lower":"vscode.merge-conflict"},"activationEvent":"onStartupFinished"}
[2021-06-24 21:43:26.913] [exthost] [info] ExtensionService#loadCommonJSModule file:///home/ubuntu/.vscode-server/bin/b4c1bd0a9b03c749ea011b06c6d2676c8091a70c/extensions/merge-conflict/dist/mergeConflictMain
[2021-06-24 21:43:26.939] [exthost] [info] ExtensionService#_doActivateExtension vscode.testing-editor-contributions {"startup":false,"extensionId":{"value":"vscode.testing-editor-contributions","_lower":"vscode.testing-editor-contributions"},"activationEvent":"onStartupFinished"}
[2021-06-24 21:43:26.939] [exthost] [info] ExtensionService#loadCommonJSModule file:///home/ubuntu/.vscode-server/bin/b4c1bd0a9b03c749ea011b06c6d2676c8091a70c/extensions/testing-editor-contributions/dist/extension.js
[2021-06-24 21:43:26.943] [exthost] [info] eager extensions activated
[2021-06-24 21:43:27.051] [exthost] [info] ExtensionService#_doActivateExtension ms-vscode.js-debug {"startup":false,"extensionId":{"value":"ms-vscode.js-debug","_lower":"ms-vscode.js-debug"},"activationEvent":"onCommand:extension.js-debug.clearAutoAttachVariables"}
[2021-06-24 21:43:27.052] [exthost] [info] ExtensionService#loadCommonJSModule file:///home/ubuntu/.vscode-server/bin/b4c1bd0a9b03c749ea011b06c6d2676c8091a70c/extensions/ms-vscode.js-debug/src/extension.js
[2021-06-24 21:43:40.625] [exthost] [info] ExtensionService#_doActivateExtension ms-python.python {"startup":false,"extensionId":{"value":"ms-python.python","_lower":"ms-python.python"},"activationEvent":"workspaceContainsTimeout:mspythonconfig.json,pyproject.toml,Pipfile,setup.py,requirements.txt,manage.py,app.py"}
[2021-06-24 21:43:40.625] [exthost] [info] ExtensionService#loadCommonJSModule file:///home/ubuntu/.vscode-server/extensions/ms-python.python-2021.6.944021595/out/client/extension
[2021-06-24 21:43:41.335] [exthost] [info] ExtensionService#_doActivateExtension ms-vscode.cpptools {"startup":false,"extensionId":{"value":"ms-vscode.cpptools","_lower":"ms-vscode.cpptools"},"activationEvent":"workspaceContainsTimeout:/.vscode/c_cpp_properties.json"}
[2021-06-24 21:43:41.335] [exthost] [info] ExtensionService#loadCommonJSModule file:///home/ubuntu/.vscode-server/extensions/ms-vscode.cpptools-1.4.1/dist/main
