[2021-05-13 22:10:14.349] [exthost] [info] extension host started
[2021-05-13 22:10:14.491] [exthost] [info] ExtensionService#_doActivateExtension vscode.debug-auto-launch {"startup":true,"extensionId":{"value":"vscode.debug-auto-launch","_lower":"vscode.debug-auto-launch"},"activationEvent":"*"}
[2021-05-13 22:10:14.498] [exthost] [info] ExtensionService#loadCommonJSModule file:///home/ubuntu/.vscode-server/bin/3c4e3df9e89829dce27b7b5c24508306b151f30d/extensions/debug-auto-launch/dist/extension
[2021-05-13 22:10:14.512] [exthost] [info] ExtensionService#_doActivateExtension vscode.git {"startup":true,"extensionId":{"value":"vscode.github","_lower":"vscode.github"},"activationEvent":"*"}
[2021-05-13 22:10:14.516] [exthost] [info] ExtensionService#loadCommonJSModule file:///home/ubuntu/.vscode-server/bin/3c4e3df9e89829dce27b7b5c24508306b151f30d/extensions/git/dist/main
[2021-05-13 22:10:14.856] [exthost] [info] ExtensionService#_doActivateExtension vscode.github {"startup":true,"extensionId":{"value":"vscode.github","_lower":"vscode.github"},"activationEvent":"*"}
[2021-05-13 22:10:14.858] [exthost] [info] ExtensionService#loadCommonJSModule file:///home/ubuntu/.vscode-server/bin/3c4e3df9e89829dce27b7b5c24508306b151f30d/extensions/github/dist/extension.js
[2021-05-13 22:10:15.021] [exthost] [info] ExtensionService#_doActivateExtension vscode.emmet {"startup":false,"extensionId":{"value":"vscode.emmet","_lower":"vscode.emmet"},"activationEvent":"onStartupFinished"}
[2021-05-13 22:10:15.038] [exthost] [info] ExtensionService#loadCommonJSModule file:///home/ubuntu/.vscode-server/bin/3c4e3df9e89829dce27b7b5c24508306b151f30d/extensions/emmet/dist/node/emmetNodeMain
[2021-05-13 22:10:15.092] [exthost] [info] ExtensionService#_doActivateExtension vscode.merge-conflict {"startup":false,"extensionId":{"value":"vscode.merge-conflict","_lower":"vscode.merge-conflict"},"activationEvent":"onStartupFinished"}
[2021-05-13 22:10:15.094] [exthost] [info] ExtensionService#loadCommonJSModule file:///home/ubuntu/.vscode-server/bin/3c4e3df9e89829dce27b7b5c24508306b151f30d/extensions/merge-conflict/dist/mergeConflictMain
[2021-05-13 22:10:15.119] [exthost] [info] ExtensionService#_doActivateExtension vscode.testing-editor-contributions {"startup":false,"extensionId":{"value":"vscode.testing-editor-contributions","_lower":"vscode.testing-editor-contributions"},"activationEvent":"onStartupFinished"}
[2021-05-13 22:10:15.119] [exthost] [info] ExtensionService#loadCommonJSModule file:///home/ubuntu/.vscode-server/bin/3c4e3df9e89829dce27b7b5c24508306b151f30d/extensions/testing-editor-contributions/dist/extension.js
[2021-05-13 22:10:15.123] [exthost] [info] eager extensions activated
[2021-05-13 22:10:15.328] [exthost] [info] ExtensionService#_doActivateExtension ms-vscode.js-debug {"startup":false,"extensionId":{"value":"ms-vscode.js-debug","_lower":"ms-vscode.js-debug"},"activationEvent":"onCommand:extension.js-debug.clearAutoAttachVariables"}
[2021-05-13 22:10:15.330] [exthost] [info] ExtensionService#loadCommonJSModule file:///home/ubuntu/.vscode-server/bin/3c4e3df9e89829dce27b7b5c24508306b151f30d/extensions/ms-vscode.js-debug/src/extension.js
[2021-05-13 22:11:35.760] [exthost] [info] ExtensionService#_doActivateExtension ms-toolsai.jupyter {"startup":false,"extensionId":{"value":"ms-toolsai.jupyter","_lower":"ms-toolsai.jupyter"},"activationEvent":"onLanguage:python"}
[2021-05-13 22:11:35.760] [exthost] [info] ExtensionService#loadCommonJSModule file:///home/ubuntu/.vscode-server/extensions/ms-toolsai.jupyter-2021.5.745244803/out/client/extension
[2021-05-13 22:11:36.905] [exthost] [info] ExtensionService#_doActivateExtension ms-python.python {"startup":false,"extensionId":{"value":"ms-python.vscode-pylance","_lower":"ms-python.vscode-pylance"},"activationEvent":"onLanguage:python"}
[2021-05-13 22:11:36.910] [exthost] [info] ExtensionService#loadCommonJSModule file:///home/ubuntu/.vscode-server/extensions/ms-python.python-2021.5.829140558/out/client/extension
[2021-05-13 22:11:38.289] [exthost] [info] ExtensionService#_doActivateExtension ms-python.vscode-pylance {"startup":false,"extensionId":{"value":"ms-python.vscode-pylance","_lower":"ms-python.vscode-pylance"},"activationEvent":"onLanguage:python"}
[2021-05-13 22:11:38.302] [exthost] [info] ExtensionService#loadCommonJSModule file:///home/ubuntu/.vscode-server/extensions/ms-python.vscode-pylance-2021.5.1/dist/extension.bundle.js
[2021-05-13 22:38:11.214] [exthost] [info] extension host terminating: received terminate message from renderer
[2021-05-13 22:38:12.262] [exthost] [info] exiting with code 0
