

*
* Visual Studio Code Server
*
* Reminder: You may only use this software with Visual Studio family products,
* as described in the license https://aka.ms/vscode-remote/license
*

Extension host agent listening on 35959

[20:48:47] Extension host agent started.
[20:48:48] [127.0.0.1][512770a0][ManagementConnection] New connection established.
[20:48:48] [127.0.0.1][fc3382a8][ExtensionHostConnection] New connection established.
bash: cannot set terminal process group (-1): Inappropriate ioctl for device
bash: no job control in this shell
[IPC Library: Pty Host]  INFO Listing 0 persistent terminals, 0 total terminals
[20:48:48] [127.0.0.1][fc3382a8][ExtensionHostConnection] <539222> Launched Extension Host Process.
[20:48:50] Installing extension: ms-python.vscode-pylance
[20:48:51] Downloaded extension: ms-python.vscode-pylance undefined
[20:48:55] Extracted extension to /home/ubuntu/.vscode-server/extensions/.643bfacc-2c5f-4d56-a02e-d48b8ed308c4: ms-python.vscode-pylance
[20:48:55] Renamed to /home/ubuntu/.vscode-server/extensions/ms-python.vscode-pylance-2021.5.4
[20:48:55] Installation completed. ms-python.vscode-pylance
[20:48:55] Extensions installed successfully: ms-python.vscode-pylance
[20:49:20] Installing extension: ms-vscode.cpptools
[20:49:20] Downloaded extension: ms-vscode.cpptools undefined
[20:49:20] Extracted extension to /home/ubuntu/.vscode-server/extensions/.4b3a2400-dc92-46ee-9133-61181660407e: ms-vscode.cpptools
[20:49:20] Renamed to /home/ubuntu/.vscode-server/extensions/ms-vscode.cpptools-1.3.1
[20:49:21] Installation completed. ms-vscode.cpptools
[20:49:21] Extensions installed successfully: ms-vscode.cpptools
[20:49:39] [127.0.0.1][512770a0][ManagementConnection] The client has disconnected gracefully, so the connection will be disposed.
[20:49:40] [127.0.0.1][fc3382a8][ExtensionHostConnection] <539222> Extension Host Process exited with code: 0, signal: null.
Last EH closed, waiting before shutting down
[20:49:40] Last EH closed, waiting before shutting down
Last EH closed, shutting down
[20:54:40] Last EH closed, shutting down
