Looking for git in: git
Using git 2.25.1 from git
> git rev-parse --git-dir
Open repository: /home/ubuntu/ChrisServer
> git status -z -u
> git symbolic-ref --short HEAD
> git for-each-ref --format=%(refname)%00%(upstream:short)%00%(upstream:track)%00%(objectname) refs/heads/main refs/remotes/main
> git for-each-ref --sort -committerdate --format %(refname) %(objectname) %(*objectname)
> git remote --verbose
> git config --get commit.template
> git check-ignore -v -z --stdin
> git show --textconv :open62541/tools/nodeset_compiler/ARCOModel.h
> git ls-files --stage -- /home/ubuntu/ChrisServer/open62541/tools/nodeset_compiler/ARCOModel.h
> git check-ignore -v -z --stdin
> git check-ignore -v -z --stdin
> git check-ignore -v -z --stdin
> git show --textconv :open62541/tools/nodeset_compiler/ARCOModel.xml
> git ls-files --stage -- /home/ubuntu/ChrisServer/open62541/tools/nodeset_compiler/ARCOModel.xml
> git status -z -u
> git symbolic-ref --short HEAD
> git for-each-ref --format=%(refname)%00%(upstream:short)%00%(upstream:track)%00%(objectname) refs/heads/main refs/remotes/main
> git for-each-ref --sort -committerdate --format %(refname) %(objectname) %(*objectname)
> git remote --verbose
> git config --get commit.template
> git status -z -u
> git symbolic-ref --short HEAD
> git for-each-ref --format=%(refname)%00%(upstream:short)%00%(upstream:track)%00%(objectname) refs/heads/main refs/remotes/main
> git for-each-ref --sort -committerdate --format %(refname) %(objectname) %(*objectname)
> git remote --verbose
> git config --get commit.template
> git show --textconv :open62541/tools/nodeset_compiler/__init__.py
> git ls-files --stage -- /home/ubuntu/ChrisServer/open62541/tools/nodeset_compiler/__init__.py
> git show --textconv :open62541/tools/nodeset_compiler/ARCOModel.c
> git ls-files --stage -- /home/ubuntu/ChrisServer/open62541/tools/nodeset_compiler/ARCOModel.c
> git show --textconv :open62541/tools/nodeset_compiler/ARCOModel.c
> git ls-files --stage -- /home/ubuntu/ChrisServer/open62541/tools/nodeset_compiler/ARCOModel.c
> git show --textconv :open62541/tools/nodeset_compiler/ARCOModel.h
> git ls-files --stage -- /home/ubuntu/ChrisServer/open62541/tools/nodeset_compiler/ARCOModel.h
> git check-ignore -v -z --stdin
> git check-ignore -v -z --stdin
> git check-ignore -v -z --stdin
> git status -z -u
> git symbolic-ref --short HEAD
> git for-each-ref --format=%(refname)%00%(upstream:short)%00%(upstream:track)%00%(objectname) refs/heads/main refs/remotes/main
> git for-each-ref --sort -committerdate --format %(refname) %(objectname) %(*objectname)
> git remote --verbose
> git config --get commit.template
> git show --textconv :open62541/build/ARCOModel.c
> git ls-files --stage -- /home/ubuntu/ChrisServer/open62541/build/ARCOModel.c
> git show --textconv :open62541/tools/nodeset_compiler/ARCOModel.xml
> git ls-files --stage -- /home/ubuntu/ChrisServer/open62541/tools/nodeset_compiler/ARCOModel.xml
> git check-ignore -v -z --stdin
> git status -z -u
> git symbolic-ref --short HEAD
> git for-each-ref --format=%(refname)%00%(upstream:short)%00%(upstream:track)%00%(objectname) refs/heads/main refs/remotes/main
> git for-each-ref --sort -committerdate --format %(refname) %(objectname) %(*objectname)
> git remote --verbose
> git config --get commit.template
> git show --textconv :open62541/tools/nodeset_compiler/ARCOModel.c
> git ls-files --stage -- /home/ubuntu/ChrisServer/open62541/tools/nodeset_compiler/ARCOModel.c
> git show --textconv :open62541/tools/nodeset_compiler/ARCOModel.h
> git ls-files --stage -- /home/ubuntu/ChrisServer/open62541/tools/nodeset_compiler/ARCOModel.h
> git check-ignore -v -z --stdin
> git show --textconv :open62541/build/ARCOModel copy.c
> git ls-files --stage -- /home/ubuntu/ChrisServer/open62541/build/ARCOModel copy.c
> git show --textconv :open62541/build/ARCOModel.c
> git ls-files --stage -- /home/ubuntu/ChrisServer/open62541/build/ARCOModel.c
> git show --textconv :open62541/build/ARCOModel copy.h
> git ls-files --stage -- /home/ubuntu/ChrisServer/open62541/build/ARCOModel copy.h
> git status -z -u
> git symbolic-ref --short HEAD
> git for-each-ref --format=%(refname)%00%(upstream:short)%00%(upstream:track)%00%(objectname) refs/heads/main refs/remotes/main
> git for-each-ref --sort -committerdate --format %(refname) %(objectname) %(*objectname)
> git remote --verbose
> git config --get commit.template
> git show --textconv :open62541/build/ARCOModel.h
> git ls-files --stage -- /home/ubuntu/ChrisServer/open62541/build/ARCOModel.h
> git status -z -u
> git symbolic-ref --short HEAD
> git for-each-ref --format=%(refname)%00%(upstream:short)%00%(upstream:track)%00%(objectname) refs/heads/main refs/remotes/main
> git for-each-ref --sort -committerdate --format %(refname) %(objectname) %(*objectname)
> git remote --verbose
> git config --get commit.template
> git status -z -u
> git symbolic-ref --short HEAD
> git for-each-ref --format=%(refname)%00%(upstream:short)%00%(upstream:track)%00%(objectname) refs/heads/main refs/remotes/main
> git for-each-ref --sort -committerdate --format %(refname) %(objectname) %(*objectname)
> git remote --verbose
> git config --get commit.template
